
*** Running vivado
    with args -log char_mem.vds -m64 -product Vivado -mode batch -messageDb vivado.pb -notrace -source char_mem.tcl


****** Vivado v2017.1 (64-bit)
  **** SW Build 1846317 on Fri Apr 14 18:55:03 MDT 2017
  **** IP Build 1846188 on Fri Apr 14 20:52:08 MDT 2017
    ** Copyright 1986-2017 Xilinx, Inc. All Rights Reserved.

source char_mem.tcl -notrace
Starting RTL Elaboration : Time (s): cpu = 00:00:07 ; elapsed = 00:00:13 . Memory (MB): peak = 360.566 ; gain = 81.328
INFO: [Synth 8-638] synthesizing module 'char_mem' [e:/GitHub/Computer/Computer.srcs/sources_1/ip/char_mem/synth/char_mem.vhd:67]
INFO: [Synth 8-256] done synthesizing module 'char_mem' (11#1) [e:/GitHub/Computer/Computer.srcs/sources_1/ip/char_mem/synth/char_mem.vhd:67]
Finished RTL Elaboration : Time (s): cpu = 00:01:03 ; elapsed = 00:01:10 . Memory (MB): peak = 566.434 ; gain = 287.195
Finished RTL Optimization Phase 1 : Time (s): cpu = 00:01:03 ; elapsed = 00:01:10 . Memory (MB): peak = 566.434 ; gain = 287.195
INFO: [Device 21-403] Loading part xc7a100tfgg676-2L
Constraint Validation Runtime : Time (s): cpu = 00:00:00 ; elapsed = 00:00:00.321 . Memory (MB): peak = 633.535 ; gain = 0.000
Finished Constraint Validation : Time (s): cpu = 00:01:15 ; elapsed = 00:01:28 . Memory (MB): peak = 633.535 ; gain = 354.297
Finished Loading Part and Timing Information : Time (s): cpu = 00:01:15 ; elapsed = 00:01:28 . Memory (MB): peak = 633.535 ; gain = 354.297
Finished applying 'set_property' XDC Constraints : Time (s): cpu = 00:01:15 ; elapsed = 00:01:28 . Memory (MB): peak = 633.535 ; gain = 354.297
Finished RTL Optimization Phase 2 : Time (s): cpu = 00:01:15 ; elapsed = 00:01:28 . Memory (MB): peak = 633.535 ; gain = 354.297
Finished Cross Boundary and Area Optimization : Time (s): cpu = 00:01:16 ; elapsed = 00:01:28 . Memory (MB): peak = 633.535 ; gain = 354.297
Finished Applying XDC Timing Constraints : Time (s): cpu = 00:01:28 ; elapsed = 00:01:42 . Memory (MB): peak = 662.844 ; gain = 383.605
Finished Timing Optimization : Time (s): cpu = 00:01:28 ; elapsed = 00:01:42 . Memory (MB): peak = 662.844 ; gain = 383.605
Finished Technology Mapping : Time (s): cpu = 00:01:28 ; elapsed = 00:01:42 . Memory (MB): peak = 672.988 ; gain = 393.750
Finished IO Insertion : Time (s): cpu = 00:01:29 ; elapsed = 00:01:43 . Memory (MB): peak = 672.988 ; gain = 393.750
Finished Renaming Generated Instances : Time (s): cpu = 00:01:29 ; elapsed = 00:01:43 . Memory (MB): peak = 672.988 ; gain = 393.750
Finished Rebuilding User Hierarchy : Time (s): cpu = 00:01:29 ; elapsed = 00:01:43 . Memory (MB): peak = 672.988 ; gain = 393.750
Finished Renaming Generated Ports : Time (s): cpu = 00:01:29 ; elapsed = 00:01:43 . Memory (MB): peak = 672.988 ; gain = 393.750
Finished Handling Custom Attributes : Time (s): cpu = 00:01:29 ; elapsed = 00:01:43 . Memory (MB): peak = 672.988 ; gain = 393.750
Finished Renaming Generated Nets : Time (s): cpu = 00:01:29 ; elapsed = 00:01:43 . Memory (MB): peak = 672.988 ; gain = 393.750

Report Cell Usage: 
+------+---------+------+
|      |Cell     |Count |
+------+---------+------+
|1     |RAMB36E1 |     1|
+------+---------+------+
Finished Writing Synthesis Report : Time (s): cpu = 00:01:29 ; elapsed = 00:01:43 . Memory (MB): peak = 672.988 ; gain = 393.750
synth_design: Time (s): cpu = 00:01:31 ; elapsed = 00:01:46 . Memory (MB): peak = 684.512 ; gain = 405.273
