#-----------------------------------------------------------
# Vivado v2017.1 (64-bit)
# SW Build 1846317 on Fri Apr 14 18:55:03 MDT 2017
# IP Build 1846188 on Fri Apr 14 20:52:08 MDT 2017
# Start of session at: Fri Dec  1 15:20:48 2017
# Process ID: 4460
# Current directory: E:/project_fz
# Command line: vivado.exe -gui_launcher_event rodinguilauncherevent228 E:\project_fz\project_fz.xpr
# Log file: E:/project_fz/vivado.log
# Journal file: E:/project_fz\vivado.jou
#-----------------------------------------------------------
start_gui
open_project E:/project_fz/project_fz.xpr
Scanning sources...
Finished scanning sources
INFO: [IP_Flow 19-234] Refreshing IP repositories
INFO: [IP_Flow 19-1704] No user IP repositories specified
INFO: [IP_Flow 19-2313] Loaded Vivado IP repository 'E:/Vivado/Vivado/2017.1/data/ip'.
open_project: Time (s): cpu = 00:00:20 ; elapsed = 00:00:12 . Memory (MB): peak = 800.898 ; gain = 147.359
update_compile_order -fileset sources_1
INFO: [Device 21-403] Loading part xc7a100tlfgg676-2L
WARNING: [IP_Flow 19-4067] Ignoring invalid widget type specified checkbox.Providing a default widget
WARNING: [IP_Flow 19-4067] Ignoring invalid widget type specified checkbox.Providing a default widget
set_property -dict [list CONFIG.Load_Init_File {true} CONFIG.Coe_File {E:/project_fz/fontRom.coe}] [get_ips fontRom]
INFO: [IP_Flow 19-3484] Absolute path of file 'e:/project_fz/fontRom.coe' provided. It will be converted relative to IP Instance files '../../../../fontRom.coe'
generate_target all [get_files  E:/project_fz/project_fz.srcs/sources_1/ip/fontRom/fontRom.xci]
INFO: [IP_Flow 19-1686] Generating 'Instantiation Template' target for IP 'fontRom'...
INFO: [IP_Flow 19-1686] Generating 'Synthesis' target for IP 'fontRom'...
INFO: [IP_Flow 19-1686] Generating 'Simulation' target for IP 'fontRom'...
INFO: [IP_Flow 19-1686] Generating 'Miscellaneous' target for IP 'fontRom'...
INFO: [IP_Flow 19-1686] Generating 'Change Log' target for IP 'fontRom'...
catch { config_ip_cache -export [get_ips -all fontRom] }
export_ip_user_files -of_objects [get_files E:/project_fz/project_fz.srcs/sources_1/ip/fontRom/fontRom.xci] -no_script -sync -force -quiet
reset_run fontRom_synth_1
launch_runs -jobs 2 fontRom_synth_1
[Fri Dec  1 16:05:03 2017] Launched fontRom_synth_1...
Run output will be captured here: E:/project_fz/project_fz.runs/fontRom_synth_1/runme.log
export_simulation -of_objects [get_files E:/project_fz/project_fz.srcs/sources_1/ip/fontRom/fontRom.xci] -directory E:/project_fz/project_fz.ip_user_files/sim_scripts -ip_user_files_dir E:/project_fz/project_fz.ip_user_files -ipstatic_source_dir E:/project_fz/project_fz.ip_user_files/ipstatic -lib_map_path [list {modelsim=E:/project_fz/project_fz.cache/compile_simlib/modelsim} {questa=E:/project_fz/project_fz.cache/compile_simlib/questa} {riviera=E:/project_fz/project_fz.cache/compile_simlib/riviera} {activehdl=E:/project_fz/project_fz.cache/compile_simlib/activehdl}] -use_ip_compiled_libs -force -quiet
reset_run synth_1
launch_runs impl_1 -to_step write_bitstream -jobs 2
[Fri Dec  1 16:07:15 2017] Launched synth_1...
Run output will be captured here: E:/project_fz/project_fz.runs/synth_1/runme.log
[Fri Dec  1 16:07:16 2017] Launched impl_1...
Run output will be captured here: E:/project_fz/project_fz.runs/impl_1/runme.log
reset_run synth_1
launch_runs impl_1 -to_step write_bitstream -jobs 2
[Fri Dec  1 17:38:31 2017] Launched synth_1...
Run output will be captured here: E:/project_fz/project_fz.runs/synth_1/runme.log
[Fri Dec  1 17:38:31 2017] Launched impl_1...
Run output will be captured here: E:/project_fz/project_fz.runs/impl_1/runme.log
reset_run synth_1
launch_runs impl_1 -to_step write_bitstream -jobs 2
[Fri Dec  1 19:20:13 2017] Launched synth_1...
Run output will be captured here: E:/project_fz/project_fz.runs/synth_1/runme.log
[Fri Dec  1 19:20:13 2017] Launched impl_1...
Run output will be captured here: E:/project_fz/project_fz.runs/impl_1/runme.log
reset_run synth_1
launch_runs impl_1 -to_step write_bitstream -jobs 2
[Fri Dec  1 19:41:05 2017] Launched synth_1...
Run output will be captured here: E:/project_fz/project_fz.runs/synth_1/runme.log
[Fri Dec  1 19:41:06 2017] Launched impl_1...
Run output will be captured here: E:/project_fz/project_fz.runs/impl_1/runme.log
reset_run synth_1
launch_runs impl_1 -to_step write_bitstream -jobs 2
[Fri Dec  1 19:57:10 2017] Launched synth_1...
Run output will be captured here: E:/project_fz/project_fz.runs/synth_1/runme.log
[Fri Dec  1 19:57:10 2017] Launched impl_1...
Run output will be captured here: E:/project_fz/project_fz.runs/impl_1/runme.log
