#-----------------------------------------------------------
# Vivado v2017.1 (64-bit)
# SW Build 1846317 on Fri Apr 14 18:55:03 MDT 2017
# IP Build 1846188 on Fri Apr 14 20:52:08 MDT 2017
# Start of session at: Thu Nov 30 21:31:12 2017
# Process ID: 7732
# Current directory: E:/project_fz
# Command line: vivado.exe -gui_launcher_event rodinguilauncherevent13748 E:\project_fz\project_fz.xpr
# Log file: E:/project_fz/vivado.log
# Journal file: E:/project_fz\vivado.jou
#-----------------------------------------------------------
start_gui
open_project E:/project_fz/project_fz.xpr
Scanning sources...
Finished scanning sources
INFO: [IP_Flow 19-234] Refreshing IP repositories
INFO: [IP_Flow 19-1704] No user IP repositories specified
INFO: [IP_Flow 19-2313] Loaded Vivado IP repository 'E:/Vivado/Vivado/2017.1/data/ip'.
open_project: Time (s): cpu = 00:00:22 ; elapsed = 00:00:10 . Memory (MB): peak = 829.629 ; gain = 116.984
update_compile_order -fileset sources_1
exit
INFO: [Common 17-206] Exiting Vivado at Thu Nov 30 21:50:55 2017...
