#-----------------------------------------------------------
# Vivado v2017.1 (64-bit)
# SW Build 1846317 on Fri Apr 14 18:55:03 MDT 2017
# IP Build 1846188 on Fri Apr 14 20:52:08 MDT 2017
# Start of session at: Fri Dec  1 09:38:41 2017
# Process ID: 1144
# Current directory: E:/project_fz
# Command line: vivado.exe -gui_launcher_event rodinguilauncherevent9500 E:\project_fz\project_fz.xpr
# Log file: E:/project_fz/vivado.log
# Journal file: E:/project_fz\vivado.jou
#-----------------------------------------------------------
start_gui
open_project E:/project_fz/project_fz.xpr
Scanning sources...
Finished scanning sources
INFO: [IP_Flow 19-234] Refreshing IP repositories
INFO: [IP_Flow 19-1704] No user IP repositories specified
INFO: [IP_Flow 19-2313] Loaded Vivado IP repository 'E:/Vivado/Vivado/2017.1/data/ip'.
open_project: Time (s): cpu = 00:00:30 ; elapsed = 00:00:37 . Memory (MB): peak = 786.727 ; gain = 30.117
update_compile_order -fileset sources_1
reset_run synth_1
launch_runs impl_1 -to_step write_bitstream -jobs 2
[Fri Dec  1 11:05:49 2017] Launched synth_1...
Run output will be captured here: E:/project_fz/project_fz.runs/synth_1/runme.log
[Fri Dec  1 11:05:49 2017] Launched impl_1...
Run output will be captured here: E:/project_fz/project_fz.runs/impl_1/runme.log
reset_run synth_1
launch_runs impl_1 -to_step write_bitstream -jobs 2
[Fri Dec  1 12:11:21 2017] Launched synth_1...
Run output will be captured here: E:/project_fz/project_fz.runs/synth_1/runme.log
[Fri Dec  1 12:11:21 2017] Launched impl_1...
Run output will be captured here: E:/project_fz/project_fz.runs/impl_1/runme.log
INFO: [Device 21-403] Loading part xc7a100tlfgg676-2L
WARNING: [IP_Flow 19-4067] Ignoring invalid widget type specified checkbox.Providing a default widget
WARNING: [IP_Flow 19-4067] Ignoring invalid widget type specified checkbox.Providing a default widget
WARNING: [IP_Flow 19-4067] Ignoring invalid widget type specified checkbox.Providing a default widget
WARNING: [IP_Flow 19-4067] Ignoring invalid widget type specified checkbox.Providing a default widget
reset_run synth_1
launch_runs impl_1 -to_step write_bitstream -jobs 2
[Fri Dec  1 12:47:35 2017] Launched synth_1...
Run output will be captured here: E:/project_fz/project_fz.runs/synth_1/runme.log
[Fri Dec  1 12:47:35 2017] Launched impl_1...
Run output will be captured here: E:/project_fz/project_fz.runs/impl_1/runme.log
reset_run synth_1
launch_runs impl_1 -to_step write_bitstream -jobs 2
[Fri Dec  1 12:55:35 2017] Launched synth_1...
Run output will be captured here: E:/project_fz/project_fz.runs/synth_1/runme.log
[Fri Dec  1 12:55:35 2017] Launched impl_1...
Run output will be captured here: E:/project_fz/project_fz.runs/impl_1/runme.log
WARNING: [IP_Flow 19-4067] Ignoring invalid widget type specified checkbox.Providing a default widget
WARNING: [IP_Flow 19-4067] Ignoring invalid widget type specified checkbox.Providing a default widget
reset_run synth_1
launch_runs impl_1 -to_step write_bitstream -jobs 2
[Fri Dec  1 13:24:33 2017] Launched synth_1...
Run output will be captured here: E:/project_fz/project_fz.runs/synth_1/runme.log
[Fri Dec  1 13:24:33 2017] Launched impl_1...
Run output will be captured here: E:/project_fz/project_fz.runs/impl_1/runme.log
exit
INFO: [Common 17-206] Exiting Vivado at Fri Dec  1 13:33:48 2017...
