#-----------------------------------------------------------
# Vivado v2017.1 (64-bit)
# SW Build 1846317 on Fri Apr 14 18:55:03 MDT 2017
# IP Build 1846188 on Fri Apr 14 20:52:08 MDT 2017
# Start of session at: Sun Dec  3 09:20:43 2017
# Process ID: 6768
# Current directory: E:/GitHub/ENV/Project_Computer/Computer
# Command line: vivado.exe -gui_launcher_event rodinguilauncherevent11640 E:\GitHub\ENV\Project_Computer\Computer\Computer.xpr
# Log file: E:/GitHub/ENV/Project_Computer/Computer/vivado.log
# Journal file: E:/GitHub/ENV/Project_Computer/Computer\vivado.jou
#-----------------------------------------------------------
start_gui
open_project E:/GitHub/ENV/Project_Computer/Computer/Computer.xpr
Scanning sources...
Finished scanning sources
INFO: [IP_Flow 19-234] Refreshing IP repositories
INFO: [IP_Flow 19-1704] No user IP repositories specified
INFO: [IP_Flow 19-2313] Loaded Vivado IP repository 'E:/Vivado/Vivado/2017.1/data/ip'.
open_project: Time (s): cpu = 00:00:19 ; elapsed = 00:00:11 . Memory (MB): peak = 747.332 ; gain = 58.492
reset_run synth_1
launch_runs impl_1 -to_step write_bitstream -jobs 2
[Sun Dec  3 09:30:51 2017] Launched synth_1...
Run output will be captured here: E:/GitHub/ENV/Project_Computer/Computer/Computer.runs/synth_1/runme.log
[Sun Dec  3 09:30:51 2017] Launched impl_1...
Run output will be captured here: E:/GitHub/ENV/Project_Computer/Computer/Computer.runs/impl_1/runme.log
reset_run synth_1
launch_runs impl_1 -to_step write_bitstream -jobs 2
[Sun Dec  3 09:31:59 2017] Launched synth_1...
Run output will be captured here: E:/GitHub/ENV/Project_Computer/Computer/Computer.runs/synth_1/runme.log
[Sun Dec  3 09:31:59 2017] Launched impl_1...
Run output will be captured here: E:/GitHub/ENV/Project_Computer/Computer/Computer.runs/impl_1/runme.log
reset_run synth_1
launch_runs impl_1 -to_step write_bitstream -jobs 2
[Sun Dec  3 09:36:12 2017] Launched synth_1...
Run output will be captured here: E:/GitHub/ENV/Project_Computer/Computer/Computer.runs/synth_1/runme.log
[Sun Dec  3 09:36:12 2017] Launched impl_1...
Run output will be captured here: E:/GitHub/ENV/Project_Computer/Computer/Computer.runs/impl_1/runme.log
reset_run synth_1
launch_runs impl_1 -to_step write_bitstream -jobs 2
[Sun Dec  3 09:53:10 2017] Launched synth_1...
Run output will be captured here: E:/GitHub/ENV/Project_Computer/Computer/Computer.runs/synth_1/runme.log
[Sun Dec  3 09:53:10 2017] Launched impl_1...
Run output will be captured here: E:/GitHub/ENV/Project_Computer/Computer/Computer.runs/impl_1/runme.log
reset_run synth_1
launch_runs impl_1 -to_step write_bitstream -jobs 2
[Sun Dec  3 10:01:35 2017] Launched synth_1...
Run output will be captured here: E:/GitHub/ENV/Project_Computer/Computer/Computer.runs/synth_1/runme.log
[Sun Dec  3 10:01:35 2017] Launched impl_1...
Run output will be captured here: E:/GitHub/ENV/Project_Computer/Computer/Computer.runs/impl_1/runme.log
reset_run synth_1
launch_runs impl_1 -to_step write_bitstream -jobs 2
[Sun Dec  3 10:13:08 2017] Launched synth_1...
Run output will be captured here: E:/GitHub/ENV/Project_Computer/Computer/Computer.runs/synth_1/runme.log
[Sun Dec  3 10:13:08 2017] Launched impl_1...
Run output will be captured here: E:/GitHub/ENV/Project_Computer/Computer/Computer.runs/impl_1/runme.log
reset_run synth_1
launch_runs impl_1 -to_step write_bitstream -jobs 2
[Sun Dec  3 10:32:34 2017] Launched synth_1...
Run output will be captured here: E:/GitHub/ENV/Project_Computer/Computer/Computer.runs/synth_1/runme.log
[Sun Dec  3 10:32:34 2017] Launched impl_1...
Run output will be captured here: E:/GitHub/ENV/Project_Computer/Computer/Computer.runs/impl_1/runme.log
reset_run synth_1
launch_runs impl_1 -to_step write_bitstream -jobs 2
[Sun Dec  3 11:11:14 2017] Launched synth_1...
Run output will be captured here: E:/GitHub/ENV/Project_Computer/Computer/Computer.runs/synth_1/runme.log
[Sun Dec  3 11:11:14 2017] Launched impl_1...
Run output will be captured here: E:/GitHub/ENV/Project_Computer/Computer/Computer.runs/impl_1/runme.log
reset_run synth_1
launch_runs impl_1 -to_step write_bitstream -jobs 2
[Sun Dec  3 11:16:37 2017] Launched synth_1...
Run output will be captured here: E:/GitHub/ENV/Project_Computer/Computer/Computer.runs/synth_1/runme.log
[Sun Dec  3 11:16:37 2017] Launched impl_1...
Run output will be captured here: E:/GitHub/ENV/Project_Computer/Computer/Computer.runs/impl_1/runme.log
reset_run synth_1
launch_runs impl_1 -to_step write_bitstream -jobs 2
[Sun Dec  3 14:14:00 2017] Launched synth_1...
Run output will be captured here: E:/GitHub/ENV/Project_Computer/Computer/Computer.runs/synth_1/runme.log
[Sun Dec  3 14:14:00 2017] Launched impl_1...
Run output will be captured here: E:/GitHub/ENV/Project_Computer/Computer/Computer.runs/impl_1/runme.log
reset_run synth_1
launch_runs impl_1 -to_step write_bitstream -jobs 2
[Sun Dec  3 14:17:17 2017] Launched synth_1...
Run output will be captured here: E:/GitHub/ENV/Project_Computer/Computer/Computer.runs/synth_1/runme.log
[Sun Dec  3 14:17:17 2017] Launched impl_1...
Run output will be captured here: E:/GitHub/ENV/Project_Computer/Computer/Computer.runs/impl_1/runme.log
reset_run synth_1
launch_runs impl_1 -to_step write_bitstream -jobs 2
[Sun Dec  3 14:39:58 2017] Launched synth_1...
Run output will be captured here: E:/GitHub/ENV/Project_Computer/Computer/Computer.runs/synth_1/runme.log
[Sun Dec  3 14:39:58 2017] Launched impl_1...
Run output will be captured here: E:/GitHub/ENV/Project_Computer/Computer/Computer.runs/impl_1/runme.log
reset_run synth_1
launch_runs impl_1 -to_step write_bitstream -jobs 2
[Sun Dec  3 14:59:58 2017] Launched synth_1...
Run output will be captured here: E:/GitHub/ENV/Project_Computer/Computer/Computer.runs/synth_1/runme.log
[Sun Dec  3 14:59:58 2017] Launched impl_1...
Run output will be captured here: E:/GitHub/ENV/Project_Computer/Computer/Computer.runs/impl_1/runme.log
reset_run synth_1
launch_runs impl_1 -to_step write_bitstream -jobs 2
[Sun Dec  3 15:08:35 2017] Launched synth_1...
Run output will be captured here: E:/GitHub/ENV/Project_Computer/Computer/Computer.runs/synth_1/runme.log
[Sun Dec  3 15:08:35 2017] Launched impl_1...
Run output will be captured here: E:/GitHub/ENV/Project_Computer/Computer/Computer.runs/impl_1/runme.log
reset_run synth_1
launch_runs impl_1 -to_step write_bitstream -jobs 2
[Sun Dec  3 15:40:53 2017] Launched synth_1...
Run output will be captured here: E:/GitHub/ENV/Project_Computer/Computer/Computer.runs/synth_1/runme.log
[Sun Dec  3 15:40:53 2017] Launched impl_1...
Run output will be captured here: E:/GitHub/ENV/Project_Computer/Computer/Computer.runs/impl_1/runme.log
reset_run synth_1
launch_runs impl_1 -to_step write_bitstream -jobs 2
[Sun Dec  3 15:49:11 2017] Launched synth_1...
Run output will be captured here: E:/GitHub/ENV/Project_Computer/Computer/Computer.runs/synth_1/runme.log
[Sun Dec  3 15:49:11 2017] Launched impl_1...
Run output will be captured here: E:/GitHub/ENV/Project_Computer/Computer/Computer.runs/impl_1/runme.log
reset_run impl_1
reset_run synth_1
launch_runs impl_1 -to_step write_bitstream -jobs 2
[Sun Dec  3 15:50:45 2017] Launched synth_1...
Run output will be captured here: E:/GitHub/ENV/Project_Computer/Computer/Computer.runs/synth_1/runme.log
[Sun Dec  3 15:50:45 2017] Launched impl_1...
Run output will be captured here: E:/GitHub/ENV/Project_Computer/Computer/Computer.runs/impl_1/runme.log
reset_run synth_1
launch_runs impl_1 -to_step write_bitstream -jobs 2
[Sun Dec  3 16:19:47 2017] Launched synth_1...
Run output will be captured here: E:/GitHub/ENV/Project_Computer/Computer/Computer.runs/synth_1/runme.log
[Sun Dec  3 16:19:47 2017] Launched impl_1...
Run output will be captured here: E:/GitHub/ENV/Project_Computer/Computer/Computer.runs/impl_1/runme.log
reset_run synth_1
launch_runs impl_1 -to_step write_bitstream -jobs 2
[Sun Dec  3 18:34:13 2017] Launched synth_1...
Run output will be captured here: E:/GitHub/ENV/Project_Computer/Computer/Computer.runs/synth_1/runme.log
[Sun Dec  3 18:34:13 2017] Launched impl_1...
Run output will be captured here: E:/GitHub/ENV/Project_Computer/Computer/Computer.runs/impl_1/runme.log
reset_run synth_1
launch_runs impl_1 -to_step write_bitstream -jobs 2
[Sun Dec  3 18:49:32 2017] Launched synth_1...
Run output will be captured here: E:/GitHub/ENV/Project_Computer/Computer/Computer.runs/synth_1/runme.log
[Sun Dec  3 18:49:32 2017] Launched impl_1...
Run output will be captured here: E:/GitHub/ENV/Project_Computer/Computer/Computer.runs/impl_1/runme.log
reset_run synth_1
launch_runs impl_1 -to_step write_bitstream -jobs 2
[Sun Dec  3 18:57:26 2017] Launched synth_1...
Run output will be captured here: E:/GitHub/ENV/Project_Computer/Computer/Computer.runs/synth_1/runme.log
[Sun Dec  3 18:57:26 2017] Launched impl_1...
Run output will be captured here: E:/GitHub/ENV/Project_Computer/Computer/Computer.runs/impl_1/runme.log
reset_run synth_1
launch_runs impl_1 -to_step write_bitstream -jobs 2
[Sun Dec  3 19:09:10 2017] Launched synth_1...
Run output will be captured here: E:/GitHub/ENV/Project_Computer/Computer/Computer.runs/synth_1/runme.log
[Sun Dec  3 19:09:10 2017] Launched impl_1...
Run output will be captured here: E:/GitHub/ENV/Project_Computer/Computer/Computer.runs/impl_1/runme.log
reset_run synth_1
launch_runs impl_1 -to_step write_bitstream -jobs 2
[Sun Dec  3 19:17:28 2017] Launched synth_1...
Run output will be captured here: E:/GitHub/ENV/Project_Computer/Computer/Computer.runs/synth_1/runme.log
[Sun Dec  3 19:17:28 2017] Launched impl_1...
Run output will be captured here: E:/GitHub/ENV/Project_Computer/Computer/Computer.runs/impl_1/runme.log
reset_run synth_1
launch_runs impl_1 -to_step write_bitstream -jobs 2
[Sun Dec  3 20:01:36 2017] Launched synth_1...
Run output will be captured here: E:/GitHub/ENV/Project_Computer/Computer/Computer.runs/synth_1/runme.log
[Sun Dec  3 20:01:36 2017] Launched impl_1...
Run output will be captured here: E:/GitHub/ENV/Project_Computer/Computer/Computer.runs/impl_1/runme.log
reset_run synth_1
launch_runs impl_1 -to_step write_bitstream -jobs 2
[Sun Dec  3 20:11:03 2017] Launched synth_1...
Run output will be captured here: E:/GitHub/ENV/Project_Computer/Computer/Computer.runs/synth_1/runme.log
[Sun Dec  3 20:11:03 2017] Launched impl_1...
Run output will be captured here: E:/GitHub/ENV/Project_Computer/Computer/Computer.runs/impl_1/runme.log
reset_run synth_1
launch_runs impl_1 -to_step write_bitstream -jobs 2
[Sun Dec  3 20:25:53 2017] Launched synth_1...
Run output will be captured here: E:/GitHub/ENV/Project_Computer/Computer/Computer.runs/synth_1/runme.log
[Sun Dec  3 20:25:54 2017] Launched impl_1...
Run output will be captured here: E:/GitHub/ENV/Project_Computer/Computer/Computer.runs/impl_1/runme.log
reset_run synth_1
launch_runs impl_1 -to_step write_bitstream -jobs 2
[Sun Dec  3 20:38:39 2017] Launched synth_1...
Run output will be captured here: E:/GitHub/ENV/Project_Computer/Computer/Computer.runs/synth_1/runme.log
[Sun Dec  3 20:38:39 2017] Launched impl_1...
Run output will be captured here: E:/GitHub/ENV/Project_Computer/Computer/Computer.runs/impl_1/runme.log
reset_run synth_1
launch_runs impl_1 -to_step write_bitstream -jobs 2
[Sun Dec  3 20:49:22 2017] Launched synth_1...
Run output will be captured here: E:/GitHub/ENV/Project_Computer/Computer/Computer.runs/synth_1/runme.log
[Sun Dec  3 20:49:22 2017] Launched impl_1...
Run output will be captured here: E:/GitHub/ENV/Project_Computer/Computer/Computer.runs/impl_1/runme.log
reset_run impl_1
reset_run synth_1
launch_runs impl_1 -to_step write_bitstream -jobs 2
[Sun Dec  3 20:51:50 2017] Launched synth_1...
Run output will be captured here: E:/GitHub/ENV/Project_Computer/Computer/Computer.runs/synth_1/runme.log
[Sun Dec  3 20:51:50 2017] Launched impl_1...
Run output will be captured here: E:/GitHub/ENV/Project_Computer/Computer/Computer.runs/impl_1/runme.log
reset_run synth_1
launch_runs impl_1 -to_step write_bitstream -jobs 2
[Sun Dec  3 21:10:14 2017] Launched synth_1...
Run output will be captured here: E:/GitHub/ENV/Project_Computer/Computer/Computer.runs/synth_1/runme.log
[Sun Dec  3 21:10:14 2017] Launched impl_1...
Run output will be captured here: E:/GitHub/ENV/Project_Computer/Computer/Computer.runs/impl_1/runme.log
reset_run synth_1
launch_runs impl_1 -to_step write_bitstream -jobs 2
[Sun Dec  3 21:22:51 2017] Launched synth_1...
Run output will be captured here: E:/GitHub/ENV/Project_Computer/Computer/Computer.runs/synth_1/runme.log
[Sun Dec  3 21:22:51 2017] Launched impl_1...
Run output will be captured here: E:/GitHub/ENV/Project_Computer/Computer/Computer.runs/impl_1/runme.log
reset_run synth_1
launch_runs impl_1 -to_step write_bitstream -jobs 2
[Sun Dec  3 22:04:45 2017] Launched synth_1...
Run output will be captured here: E:/GitHub/ENV/Project_Computer/Computer/Computer.runs/synth_1/runme.log
[Sun Dec  3 22:04:45 2017] Launched impl_1...
Run output will be captured here: E:/GitHub/ENV/Project_Computer/Computer/Computer.runs/impl_1/runme.log
reset_run synth_1
launch_runs impl_1 -to_step write_bitstream -jobs 2
[Sun Dec  3 22:24:10 2017] Launched synth_1...
Run output will be captured here: E:/GitHub/ENV/Project_Computer/Computer/Computer.runs/synth_1/runme.log
[Sun Dec  3 22:24:11 2017] Launched impl_1...
Run output will be captured here: E:/GitHub/ENV/Project_Computer/Computer/Computer.runs/impl_1/runme.log
reset_run impl_1 -prev_step 
reset_run synth_1
launch_runs impl_1 -to_step write_bitstream -jobs 2
[Sun Dec  3 22:29:58 2017] Launched synth_1...
Run output will be captured here: E:/GitHub/ENV/Project_Computer/Computer/Computer.runs/synth_1/runme.log
[Sun Dec  3 22:29:58 2017] Launched impl_1...
Run output will be captured here: E:/GitHub/ENV/Project_Computer/Computer/Computer.runs/impl_1/runme.log
reset_run synth_1
launch_runs impl_1 -to_step write_bitstream -jobs 2
[Sun Dec  3 22:42:08 2017] Launched synth_1...
Run output will be captured here: E:/GitHub/ENV/Project_Computer/Computer/Computer.runs/synth_1/runme.log
[Sun Dec  3 22:42:08 2017] Launched impl_1...
Run output will be captured here: E:/GitHub/ENV/Project_Computer/Computer/Computer.runs/impl_1/runme.log
reset_run synth_1
launch_runs impl_1 -to_step write_bitstream -jobs 2
[Sun Dec  3 23:00:31 2017] Launched synth_1...
Run output will be captured here: E:/GitHub/ENV/Project_Computer/Computer/Computer.runs/synth_1/runme.log
[Sun Dec  3 23:00:31 2017] Launched impl_1...
Run output will be captured here: E:/GitHub/ENV/Project_Computer/Computer/Computer.runs/impl_1/runme.log
exit
INFO: [Common 17-206] Exiting Vivado at Sun Dec  3 23:10:49 2017...
