#-----------------------------------------------------------
# Vivado v2017.1 (64-bit)
# SW Build 1846317 on Fri Apr 14 18:55:03 MDT 2017
# IP Build 1846188 on Fri Apr 14 20:52:08 MDT 2017
# Start of session at: Mon Dec  4 18:00:24 2017
# Process ID: 2428
# Current directory: E:/GitHub/ENV/Project_Computer/Computer
# Command line: vivado.exe -gui_launcher_event rodinguilauncherevent5504 E:\GitHub\ENV\Project_Computer\Computer\Computer.xpr
# Log file: E:/GitHub/ENV/Project_Computer/Computer/vivado.log
# Journal file: E:/GitHub/ENV/Project_Computer/Computer\vivado.jou
#-----------------------------------------------------------
start_gui
open_project E:/GitHub/ENV/Project_Computer/Computer/Computer.xpr
INFO: [Project 1-313] Project file moved from 'E:/GitHub/TestVGA/Computer' since last save.
Scanning sources...
Finished scanning sources
INFO: [IP_Flow 19-234] Refreshing IP repositories
INFO: [IP_Flow 19-1704] No user IP repositories specified
INFO: [IP_Flow 19-2313] Loaded Vivado IP repository 'E:/Vivado/Vivado/2017.1/data/ip'.
WARNING: [IP_Flow 19-3664] IP 'char_mem' generated file not found 'e:/GitHub/ENV/Project_Computer/Computer/Computer.srcs/sources_1/ip/char_mem/stats.txt'. Please regenerate to continue.
WARNING: [IP_Flow 19-3664] IP 'fifo_mem' generated file not found 'e:/GitHub/ENV/Project_Computer/Computer/Computer.srcs/sources_1/ip/fifo_mem/stats.txt'. Please regenerate to continue.
open_project: Time (s): cpu = 00:00:20 ; elapsed = 00:00:16 . Memory (MB): peak = 802.449 ; gain = 146.520
exit
INFO: [Common 17-206] Exiting Vivado at Mon Dec  4 18:21:39 2017...
