#-----------------------------------------------------------
# Vivado v2017.1 (64-bit)
# SW Build 1846317 on Fri Apr 14 18:55:03 MDT 2017
# IP Build 1846188 on Fri Apr 14 20:52:08 MDT 2017
# Start of session at: Tue Dec  5 13:34:35 2017
# Process ID: 9740
# Current directory: E:/GitHub/ENV/Project_Computer/Computer
# Command line: vivado.exe -gui_launcher_event rodinguilauncherevent8336 E:\GitHub\ENV\Project_Computer\Computer\Computer.xpr
# Log file: E:/GitHub/ENV/Project_Computer/Computer/vivado.log
# Journal file: E:/GitHub/ENV/Project_Computer/Computer\vivado.jou
#-----------------------------------------------------------
start_gui
open_project E:/GitHub/ENV/Project_Computer/Computer/Computer.xpr
Scanning sources...
Finished scanning sources
INFO: [IP_Flow 19-234] Refreshing IP repositories
INFO: [IP_Flow 19-1704] No user IP repositories specified
INFO: [IP_Flow 19-2313] Loaded Vivado IP repository 'E:/Vivado/Vivado/2017.1/data/ip'.
open_project: Time (s): cpu = 00:00:21 ; elapsed = 00:00:16 . Memory (MB): peak = 820.781 ; gain = 161.258
reset_run synth_1
launch_runs impl_1 -to_step write_bitstream -jobs 2
[Tue Dec  5 13:50:17 2017] Launched synth_1...
Run output will be captured here: E:/GitHub/ENV/Project_Computer/Computer/Computer.runs/synth_1/runme.log
[Tue Dec  5 13:50:17 2017] Launched impl_1...
Run output will be captured here: E:/GitHub/ENV/Project_Computer/Computer/Computer.runs/impl_1/runme.log
reset_run synth_1
launch_runs impl_1 -to_step write_bitstream -jobs 2
[Tue Dec  5 14:47:13 2017] Launched synth_1...
Run output will be captured here: E:/GitHub/ENV/Project_Computer/Computer/Computer.runs/synth_1/runme.log
[Tue Dec  5 14:47:13 2017] Launched impl_1...
Run output will be captured here: E:/GitHub/ENV/Project_Computer/Computer/Computer.runs/impl_1/runme.log
reset_run synth_1
launch_runs impl_1 -to_step write_bitstream -jobs 2
[Tue Dec  5 14:59:09 2017] Launched synth_1...
Run output will be captured here: E:/GitHub/ENV/Project_Computer/Computer/Computer.runs/synth_1/runme.log
[Tue Dec  5 14:59:09 2017] Launched impl_1...
Run output will be captured here: E:/GitHub/ENV/Project_Computer/Computer/Computer.runs/impl_1/runme.log
reset_run impl_1 -prev_step 
launch_runs impl_1 -to_step write_bitstream -jobs 2
[Tue Dec  5 15:28:56 2017] Launched impl_1...
Run output will be captured here: E:/GitHub/ENV/Project_Computer/Computer/Computer.runs/impl_1/runme.log
reset_run synth_1
launch_runs impl_1 -to_step write_bitstream -jobs 2
[Tue Dec  5 15:32:11 2017] Launched synth_1...
Run output will be captured here: E:/GitHub/ENV/Project_Computer/Computer/Computer.runs/synth_1/runme.log
[Tue Dec  5 15:32:11 2017] Launched impl_1...
Run output will be captured here: E:/GitHub/ENV/Project_Computer/Computer/Computer.runs/impl_1/runme.log
reset_run synth_1
launch_runs impl_1 -to_step write_bitstream -jobs 2
[Tue Dec  5 15:52:46 2017] Launched synth_1...
Run output will be captured here: E:/GitHub/ENV/Project_Computer/Computer/Computer.runs/synth_1/runme.log
[Tue Dec  5 15:52:46 2017] Launched impl_1...
Run output will be captured here: E:/GitHub/ENV/Project_Computer/Computer/Computer.runs/impl_1/runme.log
reset_run synth_1
launch_runs impl_1 -to_step write_bitstream -jobs 2
[Tue Dec  5 16:31:42 2017] Launched synth_1...
Run output will be captured here: E:/GitHub/ENV/Project_Computer/Computer/Computer.runs/synth_1/runme.log
[Tue Dec  5 16:31:42 2017] Launched impl_1...
Run output will be captured here: E:/GitHub/ENV/Project_Computer/Computer/Computer.runs/impl_1/runme.log
reset_run synth_1
launch_runs impl_1 -to_step write_bitstream -jobs 2
[Tue Dec  5 16:37:30 2017] Launched synth_1...
Run output will be captured here: E:/GitHub/ENV/Project_Computer/Computer/Computer.runs/synth_1/runme.log
[Tue Dec  5 16:37:30 2017] Launched impl_1...
Run output will be captured here: E:/GitHub/ENV/Project_Computer/Computer/Computer.runs/impl_1/runme.log
reset_run synth_1
launch_runs impl_1 -to_step write_bitstream -jobs 2
[Tue Dec  5 16:45:10 2017] Launched synth_1...
Run output will be captured here: E:/GitHub/ENV/Project_Computer/Computer/Computer.runs/synth_1/runme.log
[Tue Dec  5 16:45:10 2017] Launched impl_1...
Run output will be captured here: E:/GitHub/ENV/Project_Computer/Computer/Computer.runs/impl_1/runme.log
reset_run synth_1
launch_runs impl_1 -to_step write_bitstream -jobs 2
[Tue Dec  5 16:56:28 2017] Launched synth_1...
Run output will be captured here: E:/GitHub/ENV/Project_Computer/Computer/Computer.runs/synth_1/runme.log
[Tue Dec  5 16:56:28 2017] Launched impl_1...
Run output will be captured here: E:/GitHub/ENV/Project_Computer/Computer/Computer.runs/impl_1/runme.log
reset_run synth_1
launch_runs impl_1 -to_step write_bitstream -jobs 2
[Tue Dec  5 17:08:07 2017] Launched synth_1...
Run output will be captured here: E:/GitHub/ENV/Project_Computer/Computer/Computer.runs/synth_1/runme.log
[Tue Dec  5 17:08:08 2017] Launched impl_1...
Run output will be captured here: E:/GitHub/ENV/Project_Computer/Computer/Computer.runs/impl_1/runme.log
reset_run synth_1
launch_runs impl_1 -to_step write_bitstream -jobs 2
[Tue Dec  5 17:21:48 2017] Launched synth_1...
Run output will be captured here: E:/GitHub/ENV/Project_Computer/Computer/Computer.runs/synth_1/runme.log
[Tue Dec  5 17:21:48 2017] Launched impl_1...
Run output will be captured here: E:/GitHub/ENV/Project_Computer/Computer/Computer.runs/impl_1/runme.log
reset_run synth_1
launch_runs impl_1 -to_step write_bitstream -jobs 2
[Tue Dec  5 17:55:57 2017] Launched synth_1...
Run output will be captured here: E:/GitHub/ENV/Project_Computer/Computer/Computer.runs/synth_1/runme.log
[Tue Dec  5 17:55:57 2017] Launched impl_1...
Run output will be captured here: E:/GitHub/ENV/Project_Computer/Computer/Computer.runs/impl_1/runme.log
reset_run synth_1
launch_runs impl_1 -to_step write_bitstream -jobs 2
[Tue Dec  5 19:42:01 2017] Launched synth_1...
Run output will be captured here: E:/GitHub/ENV/Project_Computer/Computer/Computer.runs/synth_1/runme.log
[Tue Dec  5 19:42:01 2017] Launched impl_1...
Run output will be captured here: E:/GitHub/ENV/Project_Computer/Computer/Computer.runs/impl_1/runme.log
reset_run synth_1
launch_runs impl_1 -to_step write_bitstream -jobs 2
[Tue Dec  5 19:52:00 2017] Launched synth_1...
Run output will be captured here: E:/GitHub/ENV/Project_Computer/Computer/Computer.runs/synth_1/runme.log
[Tue Dec  5 19:52:00 2017] Launched impl_1...
Run output will be captured here: E:/GitHub/ENV/Project_Computer/Computer/Computer.runs/impl_1/runme.log
reset_run synth_1
launch_runs impl_1 -to_step write_bitstream -jobs 2
[Tue Dec  5 20:07:25 2017] Launched synth_1...
Run output will be captured here: E:/GitHub/ENV/Project_Computer/Computer/Computer.runs/synth_1/runme.log
[Tue Dec  5 20:07:25 2017] Launched impl_1...
Run output will be captured here: E:/GitHub/ENV/Project_Computer/Computer/Computer.runs/impl_1/runme.log
reset_run synth_1
launch_runs impl_1 -to_step write_bitstream -jobs 2
[Tue Dec  5 21:43:14 2017] Launched synth_1...
Run output will be captured here: E:/GitHub/ENV/Project_Computer/Computer/Computer.runs/synth_1/runme.log
[Tue Dec  5 21:43:14 2017] Launched impl_1...
Run output will be captured here: E:/GitHub/ENV/Project_Computer/Computer/Computer.runs/impl_1/runme.log
reset_run impl_1 -prev_step 
launch_runs impl_1 -to_step write_bitstream -jobs 2
[Tue Dec  5 21:50:18 2017] Launched impl_1...
Run output will be captured here: E:/GitHub/ENV/Project_Computer/Computer/Computer.runs/impl_1/runme.log
reset_run impl_1 -prev_step 
WARNING: [Vivado 12-1017] Problems encountered:
1. PID not specified

reset_run impl_1 -prev_step 
WARNING: [Vivado 12-1017] Problems encountered:
1. PID not specified

reset_run synth_1
launch_runs impl_1 -to_step write_bitstream -jobs 2
[Tue Dec  5 21:50:52 2017] Launched synth_1...
Run output will be captured here: E:/GitHub/ENV/Project_Computer/Computer/Computer.runs/synth_1/runme.log
[Tue Dec  5 21:50:52 2017] Launched impl_1...
Run output will be captured here: E:/GitHub/ENV/Project_Computer/Computer/Computer.runs/impl_1/runme.log
reset_run synth_1
launch_runs impl_1 -to_step write_bitstream -jobs 2
[Tue Dec  5 21:59:18 2017] Launched synth_1...
Run output will be captured here: E:/GitHub/ENV/Project_Computer/Computer/Computer.runs/synth_1/runme.log
[Tue Dec  5 21:59:18 2017] Launched impl_1...
Run output will be captured here: E:/GitHub/ENV/Project_Computer/Computer/Computer.runs/impl_1/runme.log
exit
INFO: [Common 17-206] Exiting Vivado at Tue Dec  5 22:15:36 2017...
