Copyright 1986-2017 Xilinx, Inc. All Rights Reserved.
-----------------------------------------------------------------------------------------------------------------------
| Tool Version : Vivado v.2017.1 (win64) Build 1846317 Fri Apr 14 18:55:03 MDT 2017
| Date         : Fri Dec  8 20:30:51 2017
| Host         : samsung running 64-bit major release  (build 9200)
| Command      : report_methodology -file Computer_methodology_drc_routed.rpt -rpx Computer_methodology_drc_routed.rpx
| Design       : Computer
| Device       : xc7a100tfgg676-2L
| Speed File   : -2L
| Design State : Routed
-----------------------------------------------------------------------------------------------------------------------

Report Methodology

Table of Contents
-----------------
1. REPORT SUMMARY
2. REPORT DETAILS

1. REPORT SUMMARY
-----------------
            Netlist: netlist
          Floorplan: design_1
      Design limits: <entire design considered>
             Max violations: <unlimited>
             Violations found: 436
+-----------+----------+-------------------------------+------------+
| Rule      | Severity | Description                   | Violations |
+-----------+----------+-------------------------------+------------+
| TIMING-14 | Warning  | LUT on the clock tree         | 2          |
| TIMING-17 | Warning  | Non-clocked sequential cell   | 308        |
| TIMING-18 | Warning  | Missing input or output delay | 94         |
| TIMING-20 | Warning  | Non-clocked latch             | 32         |
+-----------+----------+-------------------------------+------------+

2. REPORT DETAILS
-----------------
TIMING-14#1 Warning
LUT on the clock tree  
The LUT n_0_1019_BUFG_inst_i_1 has been found on the clock tree. Run opt_design to optimize the clock trees, then re-run report_methodology. If LUT(s) are still present in the clock trees, modify the RTL or the synthesis options accordingly to move the clock gating logic to dedicated clock enable resources. Keep in mind that post-opt_design database cannot be used for pin-planning tasks
Related violations: <none>

TIMING-14#2 Warning
LUT on the clock tree  
The LUT n_1_944_BUFG_inst_i_1 has been found on the clock tree. Run opt_design to optimize the clock trees, then re-run report_methodology. If LUT(s) are still present in the clock trees, modify the RTL or the synthesis options accordingly to move the clock gating logic to dedicated clock enable resources. Keep in mind that post-opt_design database cannot be used for pin-planning tasks
Related violations: <none>

TIMING-17#1 Warning
Non-clocked sequential cell  
The clock pin local_exe/memoryRead_reg/C is not reached by a timing clock
Related violations: <none>

TIMING-17#2 Warning
Non-clocked sequential cell  
The clock pin local_exe/registerWrite_reg/C is not reached by a timing clock
Related violations: <none>

TIMING-17#3 Warning
Non-clocked sequential cell  
The clock pin local_exe/s_address_mux_reg[0]/C is not reached by a timing clock
Related violations: <none>

TIMING-17#4 Warning
Non-clocked sequential cell  
The clock pin local_exe/s_address_mux_reg[1]/C is not reached by a timing clock
Related violations: <none>

TIMING-17#5 Warning
Non-clocked sequential cell  
The clock pin local_exe/s_alu_mux_rx_reg[0]/C is not reached by a timing clock
Related violations: <none>

TIMING-17#6 Warning
Non-clocked sequential cell  
The clock pin local_exe/s_alu_mux_rx_reg[1]/C is not reached by a timing clock
Related violations: <none>

TIMING-17#7 Warning
Non-clocked sequential cell  
The clock pin local_exe/s_alu_mux_rx_reg[2]/C is not reached by a timing clock
Related violations: <none>

TIMING-17#8 Warning
Non-clocked sequential cell  
The clock pin local_exe/s_alu_mux_ry_reg[0]/C is not reached by a timing clock
Related violations: <none>

TIMING-17#9 Warning
Non-clocked sequential cell  
The clock pin local_exe/s_alu_mux_ry_reg[1]/C is not reached by a timing clock
Related violations: <none>

TIMING-17#10 Warning
Non-clocked sequential cell  
The clock pin local_exe/s_alu_op_reg[0]/C is not reached by a timing clock
Related violations: <none>

TIMING-17#11 Warning
Non-clocked sequential cell  
The clock pin local_exe/s_alu_op_reg[1]/C is not reached by a timing clock
Related violations: <none>

TIMING-17#12 Warning
Non-clocked sequential cell  
The clock pin local_exe/s_alu_op_reg[2]/C is not reached by a timing clock
Related violations: <none>

TIMING-17#13 Warning
Non-clocked sequential cell  
The clock pin local_exe/s_branch_reg[0]/C is not reached by a timing clock
Related violations: <none>

TIMING-17#14 Warning
Non-clocked sequential cell  
The clock pin local_exe/s_branch_reg[1]/C is not reached by a timing clock
Related violations: <none>

TIMING-17#15 Warning
Non-clocked sequential cell  
The clock pin local_exe/s_branch_reg[2]/C is not reached by a timing clock
Related violations: <none>

TIMING-17#16 Warning
Non-clocked sequential cell  
The clock pin local_exe/s_ih_reg[0]/C is not reached by a timing clock
Related violations: <none>

TIMING-17#17 Warning
Non-clocked sequential cell  
The clock pin local_exe/s_ih_reg[10]/C is not reached by a timing clock
Related violations: <none>

TIMING-17#18 Warning
Non-clocked sequential cell  
The clock pin local_exe/s_ih_reg[11]/C is not reached by a timing clock
Related violations: <none>

TIMING-17#19 Warning
Non-clocked sequential cell  
The clock pin local_exe/s_ih_reg[12]/C is not reached by a timing clock
Related violations: <none>

TIMING-17#20 Warning
Non-clocked sequential cell  
The clock pin local_exe/s_ih_reg[13]/C is not reached by a timing clock
Related violations: <none>

TIMING-17#21 Warning
Non-clocked sequential cell  
The clock pin local_exe/s_ih_reg[14]/C is not reached by a timing clock
Related violations: <none>

TIMING-17#22 Warning
Non-clocked sequential cell  
The clock pin local_exe/s_ih_reg[15]/C is not reached by a timing clock
Related violations: <none>

TIMING-17#23 Warning
Non-clocked sequential cell  
The clock pin local_exe/s_ih_reg[1]/C is not reached by a timing clock
Related violations: <none>

TIMING-17#24 Warning
Non-clocked sequential cell  
The clock pin local_exe/s_ih_reg[2]/C is not reached by a timing clock
Related violations: <none>

TIMING-17#25 Warning
Non-clocked sequential cell  
The clock pin local_exe/s_ih_reg[3]/C is not reached by a timing clock
Related violations: <none>

TIMING-17#26 Warning
Non-clocked sequential cell  
The clock pin local_exe/s_ih_reg[4]/C is not reached by a timing clock
Related violations: <none>

TIMING-17#27 Warning
Non-clocked sequential cell  
The clock pin local_exe/s_ih_reg[5]/C is not reached by a timing clock
Related violations: <none>

TIMING-17#28 Warning
Non-clocked sequential cell  
The clock pin local_exe/s_ih_reg[6]/C is not reached by a timing clock
Related violations: <none>

TIMING-17#29 Warning
Non-clocked sequential cell  
The clock pin local_exe/s_ih_reg[7]/C is not reached by a timing clock
Related violations: <none>

TIMING-17#30 Warning
Non-clocked sequential cell  
The clock pin local_exe/s_ih_reg[8]/C is not reached by a timing clock
Related violations: <none>

TIMING-17#31 Warning
Non-clocked sequential cell  
The clock pin local_exe/s_ih_reg[9]/C is not reached by a timing clock
Related violations: <none>

TIMING-17#32 Warning
Non-clocked sequential cell  
The clock pin local_exe/s_immediate_reg[0]/C is not reached by a timing clock
Related violations: <none>

TIMING-17#33 Warning
Non-clocked sequential cell  
The clock pin local_exe/s_immediate_reg[11]/C is not reached by a timing clock
Related violations: <none>

TIMING-17#34 Warning
Non-clocked sequential cell  
The clock pin local_exe/s_immediate_reg[1]/C is not reached by a timing clock
Related violations: <none>

TIMING-17#35 Warning
Non-clocked sequential cell  
The clock pin local_exe/s_immediate_reg[2]/C is not reached by a timing clock
Related violations: <none>

TIMING-17#36 Warning
Non-clocked sequential cell  
The clock pin local_exe/s_immediate_reg[3]/C is not reached by a timing clock
Related violations: <none>

TIMING-17#37 Warning
Non-clocked sequential cell  
The clock pin local_exe/s_immediate_reg[4]/C is not reached by a timing clock
Related violations: <none>

TIMING-17#38 Warning
Non-clocked sequential cell  
The clock pin local_exe/s_immediate_reg[5]/C is not reached by a timing clock
Related violations: <none>

TIMING-17#39 Warning
Non-clocked sequential cell  
The clock pin local_exe/s_immediate_reg[6]/C is not reached by a timing clock
Related violations: <none>

TIMING-17#40 Warning
Non-clocked sequential cell  
The clock pin local_exe/s_immediate_reg[7]/C is not reached by a timing clock
Related violations: <none>

TIMING-17#41 Warning
Non-clocked sequential cell  
The clock pin local_exe/s_immediate_reg[8]/C is not reached by a timing clock
Related violations: <none>

TIMING-17#42 Warning
Non-clocked sequential cell  
The clock pin local_exe/s_immediate_reg[9]/C is not reached by a timing clock
Related violations: <none>

TIMING-17#43 Warning
Non-clocked sequential cell  
The clock pin local_exe/s_pc_reg[0]/C is not reached by a timing clock
Related violations: <none>

TIMING-17#44 Warning
Non-clocked sequential cell  
The clock pin local_exe/s_pc_reg[10]/C is not reached by a timing clock
Related violations: <none>

TIMING-17#45 Warning
Non-clocked sequential cell  
The clock pin local_exe/s_pc_reg[11]/C is not reached by a timing clock
Related violations: <none>

TIMING-17#46 Warning
Non-clocked sequential cell  
The clock pin local_exe/s_pc_reg[12]/C is not reached by a timing clock
Related violations: <none>

TIMING-17#47 Warning
Non-clocked sequential cell  
The clock pin local_exe/s_pc_reg[13]/C is not reached by a timing clock
Related violations: <none>

TIMING-17#48 Warning
Non-clocked sequential cell  
The clock pin local_exe/s_pc_reg[14]/C is not reached by a timing clock
Related violations: <none>

TIMING-17#49 Warning
Non-clocked sequential cell  
The clock pin local_exe/s_pc_reg[15]/C is not reached by a timing clock
Related violations: <none>

TIMING-17#50 Warning
Non-clocked sequential cell  
The clock pin local_exe/s_pc_reg[1]/C is not reached by a timing clock
Related violations: <none>

TIMING-17#51 Warning
Non-clocked sequential cell  
The clock pin local_exe/s_pc_reg[2]/C is not reached by a timing clock
Related violations: <none>

TIMING-17#52 Warning
Non-clocked sequential cell  
The clock pin local_exe/s_pc_reg[3]/C is not reached by a timing clock
Related violations: <none>

TIMING-17#53 Warning
Non-clocked sequential cell  
The clock pin local_exe/s_pc_reg[4]/C is not reached by a timing clock
Related violations: <none>

TIMING-17#54 Warning
Non-clocked sequential cell  
The clock pin local_exe/s_pc_reg[5]/C is not reached by a timing clock
Related violations: <none>

TIMING-17#55 Warning
Non-clocked sequential cell  
The clock pin local_exe/s_pc_reg[6]/C is not reached by a timing clock
Related violations: <none>

TIMING-17#56 Warning
Non-clocked sequential cell  
The clock pin local_exe/s_pc_reg[7]/C is not reached by a timing clock
Related violations: <none>

TIMING-17#57 Warning
Non-clocked sequential cell  
The clock pin local_exe/s_pc_reg[8]/C is not reached by a timing clock
Related violations: <none>

TIMING-17#58 Warning
Non-clocked sequential cell  
The clock pin local_exe/s_pc_reg[9]/C is not reached by a timing clock
Related violations: <none>

TIMING-17#59 Warning
Non-clocked sequential cell  
The clock pin local_exe/s_r_x_reg[0]/C is not reached by a timing clock
Related violations: <none>

TIMING-17#60 Warning
Non-clocked sequential cell  
The clock pin local_exe/s_r_x_reg[1]/C is not reached by a timing clock
Related violations: <none>

TIMING-17#61 Warning
Non-clocked sequential cell  
The clock pin local_exe/s_r_x_reg[2]/C is not reached by a timing clock
Related violations: <none>

TIMING-17#62 Warning
Non-clocked sequential cell  
The clock pin local_exe/s_r_y_reg[0]/C is not reached by a timing clock
Related violations: <none>

TIMING-17#63 Warning
Non-clocked sequential cell  
The clock pin local_exe/s_r_y_reg[1]/C is not reached by a timing clock
Related violations: <none>

TIMING-17#64 Warning
Non-clocked sequential cell  
The clock pin local_exe/s_r_y_reg[2]/C is not reached by a timing clock
Related violations: <none>

TIMING-17#65 Warning
Non-clocked sequential cell  
The clock pin local_exe/s_r_z_reg[0]/C is not reached by a timing clock
Related violations: <none>

TIMING-17#66 Warning
Non-clocked sequential cell  
The clock pin local_exe/s_r_z_reg[1]/C is not reached by a timing clock
Related violations: <none>

TIMING-17#67 Warning
Non-clocked sequential cell  
The clock pin local_exe/s_r_z_reg[2]/C is not reached by a timing clock
Related violations: <none>

TIMING-17#68 Warning
Non-clocked sequential cell  
The clock pin local_exe/s_ra_reg[0]/C is not reached by a timing clock
Related violations: <none>

TIMING-17#69 Warning
Non-clocked sequential cell  
The clock pin local_exe/s_ra_reg[10]/C is not reached by a timing clock
Related violations: <none>

TIMING-17#70 Warning
Non-clocked sequential cell  
The clock pin local_exe/s_ra_reg[11]/C is not reached by a timing clock
Related violations: <none>

TIMING-17#71 Warning
Non-clocked sequential cell  
The clock pin local_exe/s_ra_reg[12]/C is not reached by a timing clock
Related violations: <none>

TIMING-17#72 Warning
Non-clocked sequential cell  
The clock pin local_exe/s_ra_reg[13]/C is not reached by a timing clock
Related violations: <none>

TIMING-17#73 Warning
Non-clocked sequential cell  
The clock pin local_exe/s_ra_reg[14]/C is not reached by a timing clock
Related violations: <none>

TIMING-17#74 Warning
Non-clocked sequential cell  
The clock pin local_exe/s_ra_reg[15]/C is not reached by a timing clock
Related violations: <none>

TIMING-17#75 Warning
Non-clocked sequential cell  
The clock pin local_exe/s_ra_reg[1]/C is not reached by a timing clock
Related violations: <none>

TIMING-17#76 Warning
Non-clocked sequential cell  
The clock pin local_exe/s_ra_reg[2]/C is not reached by a timing clock
Related violations: <none>

TIMING-17#77 Warning
Non-clocked sequential cell  
The clock pin local_exe/s_ra_reg[3]/C is not reached by a timing clock
Related violations: <none>

TIMING-17#78 Warning
Non-clocked sequential cell  
The clock pin local_exe/s_ra_reg[4]/C is not reached by a timing clock
Related violations: <none>

TIMING-17#79 Warning
Non-clocked sequential cell  
The clock pin local_exe/s_ra_reg[5]/C is not reached by a timing clock
Related violations: <none>

TIMING-17#80 Warning
Non-clocked sequential cell  
The clock pin local_exe/s_ra_reg[6]/C is not reached by a timing clock
Related violations: <none>

TIMING-17#81 Warning
Non-clocked sequential cell  
The clock pin local_exe/s_ra_reg[7]/C is not reached by a timing clock
Related violations: <none>

TIMING-17#82 Warning
Non-clocked sequential cell  
The clock pin local_exe/s_ra_reg[8]/C is not reached by a timing clock
Related violations: <none>

TIMING-17#83 Warning
Non-clocked sequential cell  
The clock pin local_exe/s_ra_reg[9]/C is not reached by a timing clock
Related violations: <none>

TIMING-17#84 Warning
Non-clocked sequential cell  
The clock pin local_exe/s_rx_reg[0]/C is not reached by a timing clock
Related violations: <none>

TIMING-17#85 Warning
Non-clocked sequential cell  
The clock pin local_exe/s_rx_reg[10]/C is not reached by a timing clock
Related violations: <none>

TIMING-17#86 Warning
Non-clocked sequential cell  
The clock pin local_exe/s_rx_reg[11]/C is not reached by a timing clock
Related violations: <none>

TIMING-17#87 Warning
Non-clocked sequential cell  
The clock pin local_exe/s_rx_reg[12]/C is not reached by a timing clock
Related violations: <none>

TIMING-17#88 Warning
Non-clocked sequential cell  
The clock pin local_exe/s_rx_reg[13]/C is not reached by a timing clock
Related violations: <none>

TIMING-17#89 Warning
Non-clocked sequential cell  
The clock pin local_exe/s_rx_reg[14]/C is not reached by a timing clock
Related violations: <none>

TIMING-17#90 Warning
Non-clocked sequential cell  
The clock pin local_exe/s_rx_reg[15]/C is not reached by a timing clock
Related violations: <none>

TIMING-17#91 Warning
Non-clocked sequential cell  
The clock pin local_exe/s_rx_reg[1]/C is not reached by a timing clock
Related violations: <none>

TIMING-17#92 Warning
Non-clocked sequential cell  
The clock pin local_exe/s_rx_reg[2]/C is not reached by a timing clock
Related violations: <none>

TIMING-17#93 Warning
Non-clocked sequential cell  
The clock pin local_exe/s_rx_reg[3]/C is not reached by a timing clock
Related violations: <none>

TIMING-17#94 Warning
Non-clocked sequential cell  
The clock pin local_exe/s_rx_reg[4]/C is not reached by a timing clock
Related violations: <none>

TIMING-17#95 Warning
Non-clocked sequential cell  
The clock pin local_exe/s_rx_reg[5]/C is not reached by a timing clock
Related violations: <none>

TIMING-17#96 Warning
Non-clocked sequential cell  
The clock pin local_exe/s_rx_reg[6]/C is not reached by a timing clock
Related violations: <none>

TIMING-17#97 Warning
Non-clocked sequential cell  
The clock pin local_exe/s_rx_reg[7]/C is not reached by a timing clock
Related violations: <none>

TIMING-17#98 Warning
Non-clocked sequential cell  
The clock pin local_exe/s_rx_reg[8]/C is not reached by a timing clock
Related violations: <none>

TIMING-17#99 Warning
Non-clocked sequential cell  
The clock pin local_exe/s_rx_reg[9]/C is not reached by a timing clock
Related violations: <none>

TIMING-17#100 Warning
Non-clocked sequential cell  
The clock pin local_exe/s_ry_reg[0]/C is not reached by a timing clock
Related violations: <none>

TIMING-17#101 Warning
Non-clocked sequential cell  
The clock pin local_exe/s_ry_reg[10]/C is not reached by a timing clock
Related violations: <none>

TIMING-17#102 Warning
Non-clocked sequential cell  
The clock pin local_exe/s_ry_reg[11]/C is not reached by a timing clock
Related violations: <none>

TIMING-17#103 Warning
Non-clocked sequential cell  
The clock pin local_exe/s_ry_reg[12]/C is not reached by a timing clock
Related violations: <none>

TIMING-17#104 Warning
Non-clocked sequential cell  
The clock pin local_exe/s_ry_reg[13]/C is not reached by a timing clock
Related violations: <none>

TIMING-17#105 Warning
Non-clocked sequential cell  
The clock pin local_exe/s_ry_reg[14]/C is not reached by a timing clock
Related violations: <none>

TIMING-17#106 Warning
Non-clocked sequential cell  
The clock pin local_exe/s_ry_reg[15]/C is not reached by a timing clock
Related violations: <none>

TIMING-17#107 Warning
Non-clocked sequential cell  
The clock pin local_exe/s_ry_reg[1]/C is not reached by a timing clock
Related violations: <none>

TIMING-17#108 Warning
Non-clocked sequential cell  
The clock pin local_exe/s_ry_reg[2]/C is not reached by a timing clock
Related violations: <none>

TIMING-17#109 Warning
Non-clocked sequential cell  
The clock pin local_exe/s_ry_reg[3]/C is not reached by a timing clock
Related violations: <none>

TIMING-17#110 Warning
Non-clocked sequential cell  
The clock pin local_exe/s_ry_reg[4]/C is not reached by a timing clock
Related violations: <none>

TIMING-17#111 Warning
Non-clocked sequential cell  
The clock pin local_exe/s_ry_reg[5]/C is not reached by a timing clock
Related violations: <none>

TIMING-17#112 Warning
Non-clocked sequential cell  
The clock pin local_exe/s_ry_reg[6]/C is not reached by a timing clock
Related violations: <none>

TIMING-17#113 Warning
Non-clocked sequential cell  
The clock pin local_exe/s_ry_reg[7]/C is not reached by a timing clock
Related violations: <none>

TIMING-17#114 Warning
Non-clocked sequential cell  
The clock pin local_exe/s_ry_reg[8]/C is not reached by a timing clock
Related violations: <none>

TIMING-17#115 Warning
Non-clocked sequential cell  
The clock pin local_exe/s_ry_reg[9]/C is not reached by a timing clock
Related violations: <none>

TIMING-17#116 Warning
Non-clocked sequential cell  
The clock pin local_exe/s_select_goal_reg[0]/C is not reached by a timing clock
Related violations: <none>

TIMING-17#117 Warning
Non-clocked sequential cell  
The clock pin local_exe/s_select_goal_reg[1]/C is not reached by a timing clock
Related violations: <none>

TIMING-17#118 Warning
Non-clocked sequential cell  
The clock pin local_exe/s_select_goal_reg[2]/C is not reached by a timing clock
Related violations: <none>

TIMING-17#119 Warning
Non-clocked sequential cell  
The clock pin local_exe/s_sp_reg[0]/C is not reached by a timing clock
Related violations: <none>

TIMING-17#120 Warning
Non-clocked sequential cell  
The clock pin local_exe/s_sp_reg[10]/C is not reached by a timing clock
Related violations: <none>

TIMING-17#121 Warning
Non-clocked sequential cell  
The clock pin local_exe/s_sp_reg[11]/C is not reached by a timing clock
Related violations: <none>

TIMING-17#122 Warning
Non-clocked sequential cell  
The clock pin local_exe/s_sp_reg[12]/C is not reached by a timing clock
Related violations: <none>

TIMING-17#123 Warning
Non-clocked sequential cell  
The clock pin local_exe/s_sp_reg[13]/C is not reached by a timing clock
Related violations: <none>

TIMING-17#124 Warning
Non-clocked sequential cell  
The clock pin local_exe/s_sp_reg[14]/C is not reached by a timing clock
Related violations: <none>

TIMING-17#125 Warning
Non-clocked sequential cell  
The clock pin local_exe/s_sp_reg[15]/C is not reached by a timing clock
Related violations: <none>

TIMING-17#126 Warning
Non-clocked sequential cell  
The clock pin local_exe/s_sp_reg[1]/C is not reached by a timing clock
Related violations: <none>

TIMING-17#127 Warning
Non-clocked sequential cell  
The clock pin local_exe/s_sp_reg[2]/C is not reached by a timing clock
Related violations: <none>

TIMING-17#128 Warning
Non-clocked sequential cell  
The clock pin local_exe/s_sp_reg[3]/C is not reached by a timing clock
Related violations: <none>

TIMING-17#129 Warning
Non-clocked sequential cell  
The clock pin local_exe/s_sp_reg[4]/C is not reached by a timing clock
Related violations: <none>

TIMING-17#130 Warning
Non-clocked sequential cell  
The clock pin local_exe/s_sp_reg[5]/C is not reached by a timing clock
Related violations: <none>

TIMING-17#131 Warning
Non-clocked sequential cell  
The clock pin local_exe/s_sp_reg[6]/C is not reached by a timing clock
Related violations: <none>

TIMING-17#132 Warning
Non-clocked sequential cell  
The clock pin local_exe/s_sp_reg[7]/C is not reached by a timing clock
Related violations: <none>

TIMING-17#133 Warning
Non-clocked sequential cell  
The clock pin local_exe/s_sp_reg[8]/C is not reached by a timing clock
Related violations: <none>

TIMING-17#134 Warning
Non-clocked sequential cell  
The clock pin local_exe/s_sp_reg[9]/C is not reached by a timing clock
Related violations: <none>

TIMING-17#135 Warning
Non-clocked sequential cell  
The clock pin local_exe/s_t_reg[0]/C is not reached by a timing clock
Related violations: <none>

TIMING-17#136 Warning
Non-clocked sequential cell  
The clock pin local_exe/s_t_reg[10]/C is not reached by a timing clock
Related violations: <none>

TIMING-17#137 Warning
Non-clocked sequential cell  
The clock pin local_exe/s_t_reg[11]/C is not reached by a timing clock
Related violations: <none>

TIMING-17#138 Warning
Non-clocked sequential cell  
The clock pin local_exe/s_t_reg[12]/C is not reached by a timing clock
Related violations: <none>

TIMING-17#139 Warning
Non-clocked sequential cell  
The clock pin local_exe/s_t_reg[13]/C is not reached by a timing clock
Related violations: <none>

TIMING-17#140 Warning
Non-clocked sequential cell  
The clock pin local_exe/s_t_reg[14]/C is not reached by a timing clock
Related violations: <none>

TIMING-17#141 Warning
Non-clocked sequential cell  
The clock pin local_exe/s_t_reg[15]/C is not reached by a timing clock
Related violations: <none>

TIMING-17#142 Warning
Non-clocked sequential cell  
The clock pin local_exe/s_t_reg[1]/C is not reached by a timing clock
Related violations: <none>

TIMING-17#143 Warning
Non-clocked sequential cell  
The clock pin local_exe/s_t_reg[2]/C is not reached by a timing clock
Related violations: <none>

TIMING-17#144 Warning
Non-clocked sequential cell  
The clock pin local_exe/s_t_reg[3]/C is not reached by a timing clock
Related violations: <none>

TIMING-17#145 Warning
Non-clocked sequential cell  
The clock pin local_exe/s_t_reg[4]/C is not reached by a timing clock
Related violations: <none>

TIMING-17#146 Warning
Non-clocked sequential cell  
The clock pin local_exe/s_t_reg[5]/C is not reached by a timing clock
Related violations: <none>

TIMING-17#147 Warning
Non-clocked sequential cell  
The clock pin local_exe/s_t_reg[6]/C is not reached by a timing clock
Related violations: <none>

TIMING-17#148 Warning
Non-clocked sequential cell  
The clock pin local_exe/s_t_reg[7]/C is not reached by a timing clock
Related violations: <none>

TIMING-17#149 Warning
Non-clocked sequential cell  
The clock pin local_exe/s_t_reg[8]/C is not reached by a timing clock
Related violations: <none>

TIMING-17#150 Warning
Non-clocked sequential cell  
The clock pin local_exe/s_t_reg[9]/C is not reached by a timing clock
Related violations: <none>

TIMING-17#151 Warning
Non-clocked sequential cell  
The clock pin local_exe/s_where_reg/C is not reached by a timing clock
Related violations: <none>

TIMING-17#152 Warning
Non-clocked sequential cell  
The clock pin local_exe/wb_memory_or_alu_out_reg[1]/C is not reached by a timing clock
Related violations: <none>

TIMING-17#153 Warning
Non-clocked sequential cell  
The clock pin local_exe_mem/t_aluout_out_reg[0]/C is not reached by a timing clock
Related violations: <none>

TIMING-17#154 Warning
Non-clocked sequential cell  
The clock pin local_exe_mem/t_aluout_out_reg[10]/C is not reached by a timing clock
Related violations: <none>

TIMING-17#155 Warning
Non-clocked sequential cell  
The clock pin local_exe_mem/t_aluout_out_reg[11]/C is not reached by a timing clock
Related violations: <none>

TIMING-17#156 Warning
Non-clocked sequential cell  
The clock pin local_exe_mem/t_aluout_out_reg[12]/C is not reached by a timing clock
Related violations: <none>

TIMING-17#157 Warning
Non-clocked sequential cell  
The clock pin local_exe_mem/t_aluout_out_reg[13]/C is not reached by a timing clock
Related violations: <none>

TIMING-17#158 Warning
Non-clocked sequential cell  
The clock pin local_exe_mem/t_aluout_out_reg[14]/C is not reached by a timing clock
Related violations: <none>

TIMING-17#159 Warning
Non-clocked sequential cell  
The clock pin local_exe_mem/t_aluout_out_reg[15]/C is not reached by a timing clock
Related violations: <none>

TIMING-17#160 Warning
Non-clocked sequential cell  
The clock pin local_exe_mem/t_aluout_out_reg[1]/C is not reached by a timing clock
Related violations: <none>

TIMING-17#161 Warning
Non-clocked sequential cell  
The clock pin local_exe_mem/t_aluout_out_reg[2]/C is not reached by a timing clock
Related violations: <none>

TIMING-17#162 Warning
Non-clocked sequential cell  
The clock pin local_exe_mem/t_aluout_out_reg[3]/C is not reached by a timing clock
Related violations: <none>

TIMING-17#163 Warning
Non-clocked sequential cell  
The clock pin local_exe_mem/t_aluout_out_reg[4]/C is not reached by a timing clock
Related violations: <none>

TIMING-17#164 Warning
Non-clocked sequential cell  
The clock pin local_exe_mem/t_aluout_out_reg[5]/C is not reached by a timing clock
Related violations: <none>

TIMING-17#165 Warning
Non-clocked sequential cell  
The clock pin local_exe_mem/t_aluout_out_reg[6]/C is not reached by a timing clock
Related violations: <none>

TIMING-17#166 Warning
Non-clocked sequential cell  
The clock pin local_exe_mem/t_aluout_out_reg[7]/C is not reached by a timing clock
Related violations: <none>

TIMING-17#167 Warning
Non-clocked sequential cell  
The clock pin local_exe_mem/t_aluout_out_reg[8]/C is not reached by a timing clock
Related violations: <none>

TIMING-17#168 Warning
Non-clocked sequential cell  
The clock pin local_exe_mem/t_aluout_out_reg[9]/C is not reached by a timing clock
Related violations: <none>

TIMING-17#169 Warning
Non-clocked sequential cell  
The clock pin local_exe_mem/t_memdata_out_reg[0]/C is not reached by a timing clock
Related violations: <none>

TIMING-17#170 Warning
Non-clocked sequential cell  
The clock pin local_exe_mem/t_memdata_out_reg[10]/C is not reached by a timing clock
Related violations: <none>

TIMING-17#171 Warning
Non-clocked sequential cell  
The clock pin local_exe_mem/t_memdata_out_reg[11]/C is not reached by a timing clock
Related violations: <none>

TIMING-17#172 Warning
Non-clocked sequential cell  
The clock pin local_exe_mem/t_memdata_out_reg[12]/C is not reached by a timing clock
Related violations: <none>

TIMING-17#173 Warning
Non-clocked sequential cell  
The clock pin local_exe_mem/t_memdata_out_reg[13]/C is not reached by a timing clock
Related violations: <none>

TIMING-17#174 Warning
Non-clocked sequential cell  
The clock pin local_exe_mem/t_memdata_out_reg[14]/C is not reached by a timing clock
Related violations: <none>

TIMING-17#175 Warning
Non-clocked sequential cell  
The clock pin local_exe_mem/t_memdata_out_reg[15]/C is not reached by a timing clock
Related violations: <none>

TIMING-17#176 Warning
Non-clocked sequential cell  
The clock pin local_exe_mem/t_memdata_out_reg[1]/C is not reached by a timing clock
Related violations: <none>

TIMING-17#177 Warning
Non-clocked sequential cell  
The clock pin local_exe_mem/t_memdata_out_reg[2]/C is not reached by a timing clock
Related violations: <none>

TIMING-17#178 Warning
Non-clocked sequential cell  
The clock pin local_exe_mem/t_memdata_out_reg[3]/C is not reached by a timing clock
Related violations: <none>

TIMING-17#179 Warning
Non-clocked sequential cell  
The clock pin local_exe_mem/t_memdata_out_reg[4]/C is not reached by a timing clock
Related violations: <none>

TIMING-17#180 Warning
Non-clocked sequential cell  
The clock pin local_exe_mem/t_memdata_out_reg[5]/C is not reached by a timing clock
Related violations: <none>

TIMING-17#181 Warning
Non-clocked sequential cell  
The clock pin local_exe_mem/t_memdata_out_reg[6]/C is not reached by a timing clock
Related violations: <none>

TIMING-17#182 Warning
Non-clocked sequential cell  
The clock pin local_exe_mem/t_memdata_out_reg[7]/C is not reached by a timing clock
Related violations: <none>

TIMING-17#183 Warning
Non-clocked sequential cell  
The clock pin local_exe_mem/t_memdata_out_reg[8]/C is not reached by a timing clock
Related violations: <none>

TIMING-17#184 Warning
Non-clocked sequential cell  
The clock pin local_exe_mem/t_memdata_out_reg[9]/C is not reached by a timing clock
Related violations: <none>

TIMING-17#185 Warning
Non-clocked sequential cell  
The clock pin local_exe_mem/t_memtoreg_out_reg[0]/C is not reached by a timing clock
Related violations: <none>

TIMING-17#186 Warning
Non-clocked sequential cell  
The clock pin local_exe_mem/t_memtoreg_out_reg[1]/C is not reached by a timing clock
Related violations: <none>

TIMING-17#187 Warning
Non-clocked sequential cell  
The clock pin local_exe_mem/t_memwrite_out_reg/C is not reached by a timing clock
Related violations: <none>

TIMING-17#188 Warning
Non-clocked sequential cell  
The clock pin local_exe_mem/t_rd_out_reg[0]/C is not reached by a timing clock
Related violations: <none>

TIMING-17#189 Warning
Non-clocked sequential cell  
The clock pin local_exe_mem/t_rd_out_reg[1]/C is not reached by a timing clock
Related violations: <none>

TIMING-17#190 Warning
Non-clocked sequential cell  
The clock pin local_exe_mem/t_rd_out_reg[2]/C is not reached by a timing clock
Related violations: <none>

TIMING-17#191 Warning
Non-clocked sequential cell  
The clock pin local_exe_mem/t_rd_out_reg[3]/C is not reached by a timing clock
Related violations: <none>

TIMING-17#192 Warning
Non-clocked sequential cell  
The clock pin local_exe_mem/t_regwrite_out_reg/C is not reached by a timing clock
Related violations: <none>

TIMING-17#193 Warning
Non-clocked sequential cell  
The clock pin local_exe_mem/t_regwrite_out_reg_lopt_replica/C is not reached by a timing clock
Related violations: <none>

TIMING-17#194 Warning
Non-clocked sequential cell  
The clock pin local_id/pause_instruction_reg[0]/C is not reached by a timing clock
Related violations: <none>

TIMING-17#195 Warning
Non-clocked sequential cell  
The clock pin local_id/pause_instruction_reg[10]/C is not reached by a timing clock
Related violations: <none>

TIMING-17#196 Warning
Non-clocked sequential cell  
The clock pin local_id/pause_instruction_reg[11]/C is not reached by a timing clock
Related violations: <none>

TIMING-17#197 Warning
Non-clocked sequential cell  
The clock pin local_id/pause_instruction_reg[12]/C is not reached by a timing clock
Related violations: <none>

TIMING-17#198 Warning
Non-clocked sequential cell  
The clock pin local_id/pause_instruction_reg[13]/C is not reached by a timing clock
Related violations: <none>

TIMING-17#199 Warning
Non-clocked sequential cell  
The clock pin local_id/pause_instruction_reg[14]/C is not reached by a timing clock
Related violations: <none>

TIMING-17#200 Warning
Non-clocked sequential cell  
The clock pin local_id/pause_instruction_reg[15]/C is not reached by a timing clock
Related violations: <none>

TIMING-17#201 Warning
Non-clocked sequential cell  
The clock pin local_id/pause_instruction_reg[1]/C is not reached by a timing clock
Related violations: <none>

TIMING-17#202 Warning
Non-clocked sequential cell  
The clock pin local_id/pause_instruction_reg[2]/C is not reached by a timing clock
Related violations: <none>

TIMING-17#203 Warning
Non-clocked sequential cell  
The clock pin local_id/pause_instruction_reg[3]/C is not reached by a timing clock
Related violations: <none>

TIMING-17#204 Warning
Non-clocked sequential cell  
The clock pin local_id/pause_instruction_reg[4]/C is not reached by a timing clock
Related violations: <none>

TIMING-17#205 Warning
Non-clocked sequential cell  
The clock pin local_id/pause_instruction_reg[5]/C is not reached by a timing clock
Related violations: <none>

TIMING-17#206 Warning
Non-clocked sequential cell  
The clock pin local_id/pause_instruction_reg[6]/C is not reached by a timing clock
Related violations: <none>

TIMING-17#207 Warning
Non-clocked sequential cell  
The clock pin local_id/pause_instruction_reg[7]/C is not reached by a timing clock
Related violations: <none>

TIMING-17#208 Warning
Non-clocked sequential cell  
The clock pin local_id/pause_instruction_reg[8]/C is not reached by a timing clock
Related violations: <none>

TIMING-17#209 Warning
Non-clocked sequential cell  
The clock pin local_id/pause_instruction_reg[9]/C is not reached by a timing clock
Related violations: <none>

TIMING-17#210 Warning
Non-clocked sequential cell  
The clock pin local_id/s_flush_reg/C is not reached by a timing clock
Related violations: <none>

TIMING-17#211 Warning
Non-clocked sequential cell  
The clock pin local_id/s_from_pc_reg[0]/C is not reached by a timing clock
Related violations: <none>

TIMING-17#212 Warning
Non-clocked sequential cell  
The clock pin local_id/s_from_pc_reg[10]/C is not reached by a timing clock
Related violations: <none>

TIMING-17#213 Warning
Non-clocked sequential cell  
The clock pin local_id/s_from_pc_reg[11]/C is not reached by a timing clock
Related violations: <none>

TIMING-17#214 Warning
Non-clocked sequential cell  
The clock pin local_id/s_from_pc_reg[12]/C is not reached by a timing clock
Related violations: <none>

TIMING-17#215 Warning
Non-clocked sequential cell  
The clock pin local_id/s_from_pc_reg[13]/C is not reached by a timing clock
Related violations: <none>

TIMING-17#216 Warning
Non-clocked sequential cell  
The clock pin local_id/s_from_pc_reg[14]/C is not reached by a timing clock
Related violations: <none>

TIMING-17#217 Warning
Non-clocked sequential cell  
The clock pin local_id/s_from_pc_reg[15]/C is not reached by a timing clock
Related violations: <none>

TIMING-17#218 Warning
Non-clocked sequential cell  
The clock pin local_id/s_from_pc_reg[1]/C is not reached by a timing clock
Related violations: <none>

TIMING-17#219 Warning
Non-clocked sequential cell  
The clock pin local_id/s_from_pc_reg[2]/C is not reached by a timing clock
Related violations: <none>

TIMING-17#220 Warning
Non-clocked sequential cell  
The clock pin local_id/s_from_pc_reg[3]/C is not reached by a timing clock
Related violations: <none>

TIMING-17#221 Warning
Non-clocked sequential cell  
The clock pin local_id/s_from_pc_reg[4]/C is not reached by a timing clock
Related violations: <none>

TIMING-17#222 Warning
Non-clocked sequential cell  
The clock pin local_id/s_from_pc_reg[5]/C is not reached by a timing clock
Related violations: <none>

TIMING-17#223 Warning
Non-clocked sequential cell  
The clock pin local_id/s_from_pc_reg[6]/C is not reached by a timing clock
Related violations: <none>

TIMING-17#224 Warning
Non-clocked sequential cell  
The clock pin local_id/s_from_pc_reg[7]/C is not reached by a timing clock
Related violations: <none>

TIMING-17#225 Warning
Non-clocked sequential cell  
The clock pin local_id/s_from_pc_reg[8]/C is not reached by a timing clock
Related violations: <none>

TIMING-17#226 Warning
Non-clocked sequential cell  
The clock pin local_id/s_from_pc_reg[9]/C is not reached by a timing clock
Related violations: <none>

TIMING-17#227 Warning
Non-clocked sequential cell  
The clock pin local_id/s_instruction_reg[0]/C is not reached by a timing clock
Related violations: <none>

TIMING-17#228 Warning
Non-clocked sequential cell  
The clock pin local_id/s_instruction_reg[10]/C is not reached by a timing clock
Related violations: <none>

TIMING-17#229 Warning
Non-clocked sequential cell  
The clock pin local_id/s_instruction_reg[11]/C is not reached by a timing clock
Related violations: <none>

TIMING-17#230 Warning
Non-clocked sequential cell  
The clock pin local_id/s_instruction_reg[12]/C is not reached by a timing clock
Related violations: <none>

TIMING-17#231 Warning
Non-clocked sequential cell  
The clock pin local_id/s_instruction_reg[13]/C is not reached by a timing clock
Related violations: <none>

TIMING-17#232 Warning
Non-clocked sequential cell  
The clock pin local_id/s_instruction_reg[14]/C is not reached by a timing clock
Related violations: <none>

TIMING-17#233 Warning
Non-clocked sequential cell  
The clock pin local_id/s_instruction_reg[15]/C is not reached by a timing clock
Related violations: <none>

TIMING-17#234 Warning
Non-clocked sequential cell  
The clock pin local_id/s_instruction_reg[1]/C is not reached by a timing clock
Related violations: <none>

TIMING-17#235 Warning
Non-clocked sequential cell  
The clock pin local_id/s_instruction_reg[2]/C is not reached by a timing clock
Related violations: <none>

TIMING-17#236 Warning
Non-clocked sequential cell  
The clock pin local_id/s_instruction_reg[3]/C is not reached by a timing clock
Related violations: <none>

TIMING-17#237 Warning
Non-clocked sequential cell  
The clock pin local_id/s_instruction_reg[4]/C is not reached by a timing clock
Related violations: <none>

TIMING-17#238 Warning
Non-clocked sequential cell  
The clock pin local_id/s_instruction_reg[5]/C is not reached by a timing clock
Related violations: <none>

TIMING-17#239 Warning
Non-clocked sequential cell  
The clock pin local_id/s_instruction_reg[6]/C is not reached by a timing clock
Related violations: <none>

TIMING-17#240 Warning
Non-clocked sequential cell  
The clock pin local_id/s_instruction_reg[7]/C is not reached by a timing clock
Related violations: <none>

TIMING-17#241 Warning
Non-clocked sequential cell  
The clock pin local_id/s_instruction_reg[8]/C is not reached by a timing clock
Related violations: <none>

TIMING-17#242 Warning
Non-clocked sequential cell  
The clock pin local_id/s_instruction_reg[9]/C is not reached by a timing clock
Related violations: <none>

TIMING-17#243 Warning
Non-clocked sequential cell  
The clock pin local_id/s_pause1_reg/C is not reached by a timing clock
Related violations: <none>

TIMING-17#244 Warning
Non-clocked sequential cell  
The clock pin local_id/s_pause2_reg/C is not reached by a timing clock
Related violations: <none>

TIMING-17#245 Warning
Non-clocked sequential cell  
The clock pin local_mem_wb/t_wbadress_out_reg[0]/C is not reached by a timing clock
Related violations: <none>

TIMING-17#246 Warning
Non-clocked sequential cell  
The clock pin local_mem_wb/t_wbadress_out_reg[1]/C is not reached by a timing clock
Related violations: <none>

TIMING-17#247 Warning
Non-clocked sequential cell  
The clock pin local_mem_wb/t_wbadress_out_reg[2]/C is not reached by a timing clock
Related violations: <none>

TIMING-17#248 Warning
Non-clocked sequential cell  
The clock pin local_mem_wb/t_wbadress_out_reg[3]/C is not reached by a timing clock
Related violations: <none>

TIMING-17#249 Warning
Non-clocked sequential cell  
The clock pin local_mem_wb/t_wbregdata_out_reg[0]/C is not reached by a timing clock
Related violations: <none>

TIMING-17#250 Warning
Non-clocked sequential cell  
The clock pin local_mem_wb/t_wbregdata_out_reg[10]/C is not reached by a timing clock
Related violations: <none>

TIMING-17#251 Warning
Non-clocked sequential cell  
The clock pin local_mem_wb/t_wbregdata_out_reg[11]/C is not reached by a timing clock
Related violations: <none>

TIMING-17#252 Warning
Non-clocked sequential cell  
The clock pin local_mem_wb/t_wbregdata_out_reg[12]/C is not reached by a timing clock
Related violations: <none>

TIMING-17#253 Warning
Non-clocked sequential cell  
The clock pin local_mem_wb/t_wbregdata_out_reg[13]/C is not reached by a timing clock
Related violations: <none>

TIMING-17#254 Warning
Non-clocked sequential cell  
The clock pin local_mem_wb/t_wbregdata_out_reg[14]/C is not reached by a timing clock
Related violations: <none>

TIMING-17#255 Warning
Non-clocked sequential cell  
The clock pin local_mem_wb/t_wbregdata_out_reg[15]/C is not reached by a timing clock
Related violations: <none>

TIMING-17#256 Warning
Non-clocked sequential cell  
The clock pin local_mem_wb/t_wbregdata_out_reg[1]/C is not reached by a timing clock
Related violations: <none>

TIMING-17#257 Warning
Non-clocked sequential cell  
The clock pin local_mem_wb/t_wbregdata_out_reg[2]/C is not reached by a timing clock
Related violations: <none>

TIMING-17#258 Warning
Non-clocked sequential cell  
The clock pin local_mem_wb/t_wbregdata_out_reg[3]/C is not reached by a timing clock
Related violations: <none>

TIMING-17#259 Warning
Non-clocked sequential cell  
The clock pin local_mem_wb/t_wbregdata_out_reg[4]/C is not reached by a timing clock
Related violations: <none>

TIMING-17#260 Warning
Non-clocked sequential cell  
The clock pin local_mem_wb/t_wbregdata_out_reg[5]/C is not reached by a timing clock
Related violations: <none>

TIMING-17#261 Warning
Non-clocked sequential cell  
The clock pin local_mem_wb/t_wbregdata_out_reg[6]/C is not reached by a timing clock
Related violations: <none>

TIMING-17#262 Warning
Non-clocked sequential cell  
The clock pin local_mem_wb/t_wbregdata_out_reg[7]/C is not reached by a timing clock
Related violations: <none>

TIMING-17#263 Warning
Non-clocked sequential cell  
The clock pin local_mem_wb/t_wbregdata_out_reg[8]/C is not reached by a timing clock
Related violations: <none>

TIMING-17#264 Warning
Non-clocked sequential cell  
The clock pin local_mem_wb/t_wbregdata_out_reg[9]/C is not reached by a timing clock
Related violations: <none>

TIMING-17#265 Warning
Non-clocked sequential cell  
The clock pin local_mem_wb/t_wbregwrite_out_reg/C is not reached by a timing clock
Related violations: <none>

TIMING-17#266 Warning
Non-clocked sequential cell  
The clock pin local_mem_wb/t_wbregwrite_out_reg_lopt_replica/C is not reached by a timing clock
Related violations: <none>

TIMING-17#267 Warning
Non-clocked sequential cell  
The clock pin local_pc_reg/PCOut_reg[0]/C is not reached by a timing clock
Related violations: <none>

TIMING-17#268 Warning
Non-clocked sequential cell  
The clock pin local_pc_reg/PCOut_reg[10]/C is not reached by a timing clock
Related violations: <none>

TIMING-17#269 Warning
Non-clocked sequential cell  
The clock pin local_pc_reg/PCOut_reg[11]/C is not reached by a timing clock
Related violations: <none>

TIMING-17#270 Warning
Non-clocked sequential cell  
The clock pin local_pc_reg/PCOut_reg[12]/C is not reached by a timing clock
Related violations: <none>

TIMING-17#271 Warning
Non-clocked sequential cell  
The clock pin local_pc_reg/PCOut_reg[13]/C is not reached by a timing clock
Related violations: <none>

TIMING-17#272 Warning
Non-clocked sequential cell  
The clock pin local_pc_reg/PCOut_reg[14]/C is not reached by a timing clock
Related violations: <none>

TIMING-17#273 Warning
Non-clocked sequential cell  
The clock pin local_pc_reg/PCOut_reg[15]/C is not reached by a timing clock
Related violations: <none>

TIMING-17#274 Warning
Non-clocked sequential cell  
The clock pin local_pc_reg/PCOut_reg[1]/C is not reached by a timing clock
Related violations: <none>

TIMING-17#275 Warning
Non-clocked sequential cell  
The clock pin local_pc_reg/PCOut_reg[2]/C is not reached by a timing clock
Related violations: <none>

TIMING-17#276 Warning
Non-clocked sequential cell  
The clock pin local_pc_reg/PCOut_reg[3]/C is not reached by a timing clock
Related violations: <none>

TIMING-17#277 Warning
Non-clocked sequential cell  
The clock pin local_pc_reg/PCOut_reg[4]/C is not reached by a timing clock
Related violations: <none>

TIMING-17#278 Warning
Non-clocked sequential cell  
The clock pin local_pc_reg/PCOut_reg[5]/C is not reached by a timing clock
Related violations: <none>

TIMING-17#279 Warning
Non-clocked sequential cell  
The clock pin local_pc_reg/PCOut_reg[6]/C is not reached by a timing clock
Related violations: <none>

TIMING-17#280 Warning
Non-clocked sequential cell  
The clock pin local_pc_reg/PCOut_reg[7]/C is not reached by a timing clock
Related violations: <none>

TIMING-17#281 Warning
Non-clocked sequential cell  
The clock pin local_pc_reg/PCOut_reg[8]/C is not reached by a timing clock
Related violations: <none>

TIMING-17#282 Warning
Non-clocked sequential cell  
The clock pin local_pc_reg/PCOut_reg[9]/C is not reached by a timing clock
Related violations: <none>

TIMING-17#283 Warning
Non-clocked sequential cell  
The clock pin u23/g0_reg[2]/C is not reached by a timing clock
Related violations: <none>

TIMING-17#284 Warning
Non-clocked sequential cell  
The clock pin u23/hs1_reg/C is not reached by a timing clock
Related violations: <none>

TIMING-17#285 Warning
Non-clocked sequential cell  
The clock pin u23/r0_reg[1]/C is not reached by a timing clock
Related violations: <none>

TIMING-17#286 Warning
Non-clocked sequential cell  
The clock pin u23/vector_x_reg[0]/C is not reached by a timing clock
Related violations: <none>

TIMING-17#287 Warning
Non-clocked sequential cell  
The clock pin u23/vector_x_reg[1]/C is not reached by a timing clock
Related violations: <none>

TIMING-17#288 Warning
Non-clocked sequential cell  
The clock pin u23/vector_x_reg[2]/C is not reached by a timing clock
Related violations: <none>

TIMING-17#289 Warning
Non-clocked sequential cell  
The clock pin u23/vector_x_reg[3]/C is not reached by a timing clock
Related violations: <none>

TIMING-17#290 Warning
Non-clocked sequential cell  
The clock pin u23/vector_x_reg[4]/C is not reached by a timing clock
Related violations: <none>

TIMING-17#291 Warning
Non-clocked sequential cell  
The clock pin u23/vector_x_reg[5]/C is not reached by a timing clock
Related violations: <none>

TIMING-17#292 Warning
Non-clocked sequential cell  
The clock pin u23/vector_x_reg[6]/C is not reached by a timing clock
Related violations: <none>

TIMING-17#293 Warning
Non-clocked sequential cell  
The clock pin u23/vector_x_reg[7]/C is not reached by a timing clock
Related violations: <none>

TIMING-17#294 Warning
Non-clocked sequential cell  
The clock pin u23/vector_x_reg[8]/C is not reached by a timing clock
Related violations: <none>

TIMING-17#295 Warning
Non-clocked sequential cell  
The clock pin u23/vector_x_reg[9]/C is not reached by a timing clock
Related violations: <none>

TIMING-17#296 Warning
Non-clocked sequential cell  
The clock pin u23/vector_y_reg[0]/C is not reached by a timing clock
Related violations: <none>

TIMING-17#297 Warning
Non-clocked sequential cell  
The clock pin u23/vector_y_reg[1]/C is not reached by a timing clock
Related violations: <none>

TIMING-17#298 Warning
Non-clocked sequential cell  
The clock pin u23/vector_y_reg[2]/C is not reached by a timing clock
Related violations: <none>

TIMING-17#299 Warning
Non-clocked sequential cell  
The clock pin u23/vector_y_reg[3]/C is not reached by a timing clock
Related violations: <none>

TIMING-17#300 Warning
Non-clocked sequential cell  
The clock pin u23/vector_y_reg[4]/C is not reached by a timing clock
Related violations: <none>

TIMING-17#301 Warning
Non-clocked sequential cell  
The clock pin u23/vector_y_reg[5]/C is not reached by a timing clock
Related violations: <none>

TIMING-17#302 Warning
Non-clocked sequential cell  
The clock pin u23/vector_y_reg[6]/C is not reached by a timing clock
Related violations: <none>

TIMING-17#303 Warning
Non-clocked sequential cell  
The clock pin u23/vector_y_reg[7]/C is not reached by a timing clock
Related violations: <none>

TIMING-17#304 Warning
Non-clocked sequential cell  
The clock pin u23/vector_y_reg[8]/C is not reached by a timing clock
Related violations: <none>

TIMING-17#305 Warning
Non-clocked sequential cell  
The clock pin u23/video_de_reg/C is not reached by a timing clock
Related violations: <none>

TIMING-17#306 Warning
Non-clocked sequential cell  
The clock pin u23/video_hsync_reg/C is not reached by a timing clock
Related violations: <none>

TIMING-17#307 Warning
Non-clocked sequential cell  
The clock pin u23/video_vsync_reg/C is not reached by a timing clock
Related violations: <none>

TIMING-17#308 Warning
Non-clocked sequential cell  
The clock pin u23/vs1_reg/C is not reached by a timing clock
Related violations: <none>

TIMING-18#1 Warning
Missing input or output delay  
An input delay is missing on base_ram_data[0] relative to clock(s) clk_in 
Related violations: <none>

TIMING-18#2 Warning
Missing input or output delay  
An input delay is missing on base_ram_data[10] relative to clock(s) clk_in 
Related violations: <none>

TIMING-18#3 Warning
Missing input or output delay  
An input delay is missing on base_ram_data[11] relative to clock(s) clk_in 
Related violations: <none>

TIMING-18#4 Warning
Missing input or output delay  
An input delay is missing on base_ram_data[12] relative to clock(s) clk_in 
Related violations: <none>

TIMING-18#5 Warning
Missing input or output delay  
An input delay is missing on base_ram_data[13] relative to clock(s) clk_in 
Related violations: <none>

TIMING-18#6 Warning
Missing input or output delay  
An input delay is missing on base_ram_data[14] relative to clock(s) clk_in 
Related violations: <none>

TIMING-18#7 Warning
Missing input or output delay  
An input delay is missing on base_ram_data[15] relative to clock(s) clk_in 
Related violations: <none>

TIMING-18#8 Warning
Missing input or output delay  
An input delay is missing on base_ram_data[16] relative to clock(s) clk_in 
Related violations: <none>

TIMING-18#9 Warning
Missing input or output delay  
An input delay is missing on base_ram_data[17] relative to clock(s) clk_in 
Related violations: <none>

TIMING-18#10 Warning
Missing input or output delay  
An input delay is missing on base_ram_data[18] relative to clock(s) clk_in 
Related violations: <none>

TIMING-18#11 Warning
Missing input or output delay  
An input delay is missing on base_ram_data[19] relative to clock(s) clk_in 
Related violations: <none>

TIMING-18#12 Warning
Missing input or output delay  
An input delay is missing on base_ram_data[1] relative to clock(s) clk_in 
Related violations: <none>

TIMING-18#13 Warning
Missing input or output delay  
An input delay is missing on base_ram_data[20] relative to clock(s) clk_in 
Related violations: <none>

TIMING-18#14 Warning
Missing input or output delay  
An input delay is missing on base_ram_data[21] relative to clock(s) clk_in 
Related violations: <none>

TIMING-18#15 Warning
Missing input or output delay  
An input delay is missing on base_ram_data[22] relative to clock(s) clk_in 
Related violations: <none>

TIMING-18#16 Warning
Missing input or output delay  
An input delay is missing on base_ram_data[23] relative to clock(s) clk_in 
Related violations: <none>

TIMING-18#17 Warning
Missing input or output delay  
An input delay is missing on base_ram_data[24] relative to clock(s) clk_in 
Related violations: <none>

TIMING-18#18 Warning
Missing input or output delay  
An input delay is missing on base_ram_data[25] relative to clock(s) clk_in 
Related violations: <none>

TIMING-18#19 Warning
Missing input or output delay  
An input delay is missing on base_ram_data[26] relative to clock(s) clk_in 
Related violations: <none>

TIMING-18#20 Warning
Missing input or output delay  
An input delay is missing on base_ram_data[27] relative to clock(s) clk_in 
Related violations: <none>

TIMING-18#21 Warning
Missing input or output delay  
An input delay is missing on base_ram_data[28] relative to clock(s) clk_in 
Related violations: <none>

TIMING-18#22 Warning
Missing input or output delay  
An input delay is missing on base_ram_data[29] relative to clock(s) clk_in 
Related violations: <none>

TIMING-18#23 Warning
Missing input or output delay  
An input delay is missing on base_ram_data[2] relative to clock(s) clk_in 
Related violations: <none>

TIMING-18#24 Warning
Missing input or output delay  
An input delay is missing on base_ram_data[30] relative to clock(s) clk_in 
Related violations: <none>

TIMING-18#25 Warning
Missing input or output delay  
An input delay is missing on base_ram_data[31] relative to clock(s) clk_in 
Related violations: <none>

TIMING-18#26 Warning
Missing input or output delay  
An input delay is missing on base_ram_data[3] relative to clock(s) clk_in 
Related violations: <none>

TIMING-18#27 Warning
Missing input or output delay  
An input delay is missing on base_ram_data[4] relative to clock(s) clk_in 
Related violations: <none>

TIMING-18#28 Warning
Missing input or output delay  
An input delay is missing on base_ram_data[5] relative to clock(s) clk_in 
Related violations: <none>

TIMING-18#29 Warning
Missing input or output delay  
An input delay is missing on base_ram_data[6] relative to clock(s) clk_in 
Related violations: <none>

TIMING-18#30 Warning
Missing input or output delay  
An input delay is missing on base_ram_data[7] relative to clock(s) clk_in 
Related violations: <none>

TIMING-18#31 Warning
Missing input or output delay  
An input delay is missing on base_ram_data[8] relative to clock(s) clk_in 
Related violations: <none>

TIMING-18#32 Warning
Missing input or output delay  
An input delay is missing on base_ram_data[9] relative to clock(s) clk_in 
Related violations: <none>

TIMING-18#33 Warning
Missing input or output delay  
An input delay is missing on dataready relative to clock(s) clk_in 
Related violations: <none>

TIMING-18#34 Warning
Missing input or output delay  
An input delay is missing on ext_ram_data[0] relative to clock(s) clk_in 
Related violations: <none>

TIMING-18#35 Warning
Missing input or output delay  
An input delay is missing on ext_ram_data[10] relative to clock(s) clk_in 
Related violations: <none>

TIMING-18#36 Warning
Missing input or output delay  
An input delay is missing on ext_ram_data[11] relative to clock(s) clk_in 
Related violations: <none>

TIMING-18#37 Warning
Missing input or output delay  
An input delay is missing on ext_ram_data[12] relative to clock(s) clk_in 
Related violations: <none>

TIMING-18#38 Warning
Missing input or output delay  
An input delay is missing on ext_ram_data[13] relative to clock(s) clk_in 
Related violations: <none>

TIMING-18#39 Warning
Missing input or output delay  
An input delay is missing on ext_ram_data[14] relative to clock(s) clk_in 
Related violations: <none>

TIMING-18#40 Warning
Missing input or output delay  
An input delay is missing on ext_ram_data[15] relative to clock(s) clk_in 
Related violations: <none>

TIMING-18#41 Warning
Missing input or output delay  
An input delay is missing on ext_ram_data[16] relative to clock(s) clk_in 
Related violations: <none>

TIMING-18#42 Warning
Missing input or output delay  
An input delay is missing on ext_ram_data[17] relative to clock(s) clk_in 
Related violations: <none>

TIMING-18#43 Warning
Missing input or output delay  
An input delay is missing on ext_ram_data[18] relative to clock(s) clk_in 
Related violations: <none>

TIMING-18#44 Warning
Missing input or output delay  
An input delay is missing on ext_ram_data[19] relative to clock(s) clk_in 
Related violations: <none>

TIMING-18#45 Warning
Missing input or output delay  
An input delay is missing on ext_ram_data[1] relative to clock(s) clk_in 
Related violations: <none>

TIMING-18#46 Warning
Missing input or output delay  
An input delay is missing on ext_ram_data[20] relative to clock(s) clk_in 
Related violations: <none>

TIMING-18#47 Warning
Missing input or output delay  
An input delay is missing on ext_ram_data[21] relative to clock(s) clk_in 
Related violations: <none>

TIMING-18#48 Warning
Missing input or output delay  
An input delay is missing on ext_ram_data[22] relative to clock(s) clk_in 
Related violations: <none>

TIMING-18#49 Warning
Missing input or output delay  
An input delay is missing on ext_ram_data[23] relative to clock(s) clk_in 
Related violations: <none>

TIMING-18#50 Warning
Missing input or output delay  
An input delay is missing on ext_ram_data[24] relative to clock(s) clk_in 
Related violations: <none>

TIMING-18#51 Warning
Missing input or output delay  
An input delay is missing on ext_ram_data[25] relative to clock(s) clk_in 
Related violations: <none>

TIMING-18#52 Warning
Missing input or output delay  
An input delay is missing on ext_ram_data[26] relative to clock(s) clk_in 
Related violations: <none>

TIMING-18#53 Warning
Missing input or output delay  
An input delay is missing on ext_ram_data[27] relative to clock(s) clk_in 
Related violations: <none>

TIMING-18#54 Warning
Missing input or output delay  
An input delay is missing on ext_ram_data[28] relative to clock(s) clk_in 
Related violations: <none>

TIMING-18#55 Warning
Missing input or output delay  
An input delay is missing on ext_ram_data[29] relative to clock(s) clk_in 
Related violations: <none>

TIMING-18#56 Warning
Missing input or output delay  
An input delay is missing on ext_ram_data[2] relative to clock(s) clk_in 
Related violations: <none>

TIMING-18#57 Warning
Missing input or output delay  
An input delay is missing on ext_ram_data[30] relative to clock(s) clk_in 
Related violations: <none>

TIMING-18#58 Warning
Missing input or output delay  
An input delay is missing on ext_ram_data[31] relative to clock(s) clk_in 
Related violations: <none>

TIMING-18#59 Warning
Missing input or output delay  
An input delay is missing on ext_ram_data[3] relative to clock(s) clk_in 
Related violations: <none>

TIMING-18#60 Warning
Missing input or output delay  
An input delay is missing on ext_ram_data[4] relative to clock(s) clk_in 
Related violations: <none>

TIMING-18#61 Warning
Missing input or output delay  
An input delay is missing on ext_ram_data[5] relative to clock(s) clk_in 
Related violations: <none>

TIMING-18#62 Warning
Missing input or output delay  
An input delay is missing on ext_ram_data[6] relative to clock(s) clk_in 
Related violations: <none>

TIMING-18#63 Warning
Missing input or output delay  
An input delay is missing on ext_ram_data[7] relative to clock(s) clk_in 
Related violations: <none>

TIMING-18#64 Warning
Missing input or output delay  
An input delay is missing on ext_ram_data[8] relative to clock(s) clk_in 
Related violations: <none>

TIMING-18#65 Warning
Missing input or output delay  
An input delay is missing on ext_ram_data[9] relative to clock(s) clk_in 
Related violations: <none>

TIMING-18#66 Warning
Missing input or output delay  
An input delay is missing on rst relative to clock(s) clk_in 
Related violations: <none>

TIMING-18#67 Warning
Missing input or output delay  
An input delay is missing on tbre relative to clock(s) clk_in 
Related violations: <none>

TIMING-18#68 Warning
Missing input or output delay  
An input delay is missing on tsre relative to clock(s) clk_in 
Related violations: <none>

TIMING-18#69 Warning
Missing input or output delay  
An output delay is missing on ext_ram_addr[0] relative to clock(s) clk_in 
Related violations: <none>

TIMING-18#70 Warning
Missing input or output delay  
An output delay is missing on ext_ram_addr[10] relative to clock(s) clk_in 
Related violations: <none>

TIMING-18#71 Warning
Missing input or output delay  
An output delay is missing on ext_ram_addr[11] relative to clock(s) clk_in 
Related violations: <none>

TIMING-18#72 Warning
Missing input or output delay  
An output delay is missing on ext_ram_addr[12] relative to clock(s) clk_in 
Related violations: <none>

TIMING-18#73 Warning
Missing input or output delay  
An output delay is missing on ext_ram_addr[13] relative to clock(s) clk_in 
Related violations: <none>

TIMING-18#74 Warning
Missing input or output delay  
An output delay is missing on ext_ram_addr[14] relative to clock(s) clk_in 
Related violations: <none>

TIMING-18#75 Warning
Missing input or output delay  
An output delay is missing on ext_ram_addr[15] relative to clock(s) clk_in 
Related violations: <none>

TIMING-18#76 Warning
Missing input or output delay  
An output delay is missing on ext_ram_addr[16] relative to clock(s) clk_in 
Related violations: <none>

TIMING-18#77 Warning
Missing input or output delay  
An output delay is missing on ext_ram_addr[17] relative to clock(s) clk_in 
Related violations: <none>

TIMING-18#78 Warning
Missing input or output delay  
An output delay is missing on ext_ram_addr[18] relative to clock(s) clk_in 
Related violations: <none>

TIMING-18#79 Warning
Missing input or output delay  
An output delay is missing on ext_ram_addr[19] relative to clock(s) clk_in 
Related violations: <none>

TIMING-18#80 Warning
Missing input or output delay  
An output delay is missing on ext_ram_addr[1] relative to clock(s) clk_in 
Related violations: <none>

TIMING-18#81 Warning
Missing input or output delay  
An output delay is missing on ext_ram_addr[2] relative to clock(s) clk_in 
Related violations: <none>

TIMING-18#82 Warning
Missing input or output delay  
An output delay is missing on ext_ram_addr[3] relative to clock(s) clk_in 
Related violations: <none>

TIMING-18#83 Warning
Missing input or output delay  
An output delay is missing on ext_ram_addr[4] relative to clock(s) clk_in 
Related violations: <none>

TIMING-18#84 Warning
Missing input or output delay  
An output delay is missing on ext_ram_addr[5] relative to clock(s) clk_in 
Related violations: <none>

TIMING-18#85 Warning
Missing input or output delay  
An output delay is missing on ext_ram_addr[6] relative to clock(s) clk_in 
Related violations: <none>

TIMING-18#86 Warning
Missing input or output delay  
An output delay is missing on ext_ram_addr[7] relative to clock(s) clk_in 
Related violations: <none>

TIMING-18#87 Warning
Missing input or output delay  
An output delay is missing on ext_ram_addr[8] relative to clock(s) clk_in 
Related violations: <none>

TIMING-18#88 Warning
Missing input or output delay  
An output delay is missing on ext_ram_addr[9] relative to clock(s) clk_in 
Related violations: <none>

TIMING-18#89 Warning
Missing input or output delay  
An output delay is missing on flash_ce relative to clock(s) clk_in 
Related violations: <none>

TIMING-18#90 Warning
Missing input or output delay  
An output delay is missing on oe2 relative to clock(s) clk_in 
Related violations: <none>

TIMING-18#91 Warning
Missing input or output delay  
An output delay is missing on rdn relative to clock(s) clk_in 
Related violations: <none>

TIMING-18#92 Warning
Missing input or output delay  
An output delay is missing on video_clk relative to clock(s) clk_in 
Related violations: <none>

TIMING-18#93 Warning
Missing input or output delay  
An output delay is missing on we2 relative to clock(s) clk_in 
Related violations: <none>

TIMING-18#94 Warning
Missing input or output delay  
An output delay is missing on wrn relative to clock(s) clk_in 
Related violations: <none>

TIMING-20#1 Warning
Non-clocked latch  
The latch local_forward/forward_data_reg[0] cannot be properly analyzed as its control pin local_forward/forward_data_reg[0]/G is not reached by a timing clock
Related violations: <none>

TIMING-20#2 Warning
Non-clocked latch  
The latch local_forward/forward_data_reg[10] cannot be properly analyzed as its control pin local_forward/forward_data_reg[10]/G is not reached by a timing clock
Related violations: <none>

TIMING-20#3 Warning
Non-clocked latch  
The latch local_forward/forward_data_reg[11] cannot be properly analyzed as its control pin local_forward/forward_data_reg[11]/G is not reached by a timing clock
Related violations: <none>

TIMING-20#4 Warning
Non-clocked latch  
The latch local_forward/forward_data_reg[12] cannot be properly analyzed as its control pin local_forward/forward_data_reg[12]/G is not reached by a timing clock
Related violations: <none>

TIMING-20#5 Warning
Non-clocked latch  
The latch local_forward/forward_data_reg[13] cannot be properly analyzed as its control pin local_forward/forward_data_reg[13]/G is not reached by a timing clock
Related violations: <none>

TIMING-20#6 Warning
Non-clocked latch  
The latch local_forward/forward_data_reg[14] cannot be properly analyzed as its control pin local_forward/forward_data_reg[14]/G is not reached by a timing clock
Related violations: <none>

TIMING-20#7 Warning
Non-clocked latch  
The latch local_forward/forward_data_reg[15] cannot be properly analyzed as its control pin local_forward/forward_data_reg[15]/G is not reached by a timing clock
Related violations: <none>

TIMING-20#8 Warning
Non-clocked latch  
The latch local_forward/forward_data_reg[1] cannot be properly analyzed as its control pin local_forward/forward_data_reg[1]/G is not reached by a timing clock
Related violations: <none>

TIMING-20#9 Warning
Non-clocked latch  
The latch local_forward/forward_data_reg[2] cannot be properly analyzed as its control pin local_forward/forward_data_reg[2]/G is not reached by a timing clock
Related violations: <none>

TIMING-20#10 Warning
Non-clocked latch  
The latch local_forward/forward_data_reg[3] cannot be properly analyzed as its control pin local_forward/forward_data_reg[3]/G is not reached by a timing clock
Related violations: <none>

TIMING-20#11 Warning
Non-clocked latch  
The latch local_forward/forward_data_reg[4] cannot be properly analyzed as its control pin local_forward/forward_data_reg[4]/G is not reached by a timing clock
Related violations: <none>

TIMING-20#12 Warning
Non-clocked latch  
The latch local_forward/forward_data_reg[5] cannot be properly analyzed as its control pin local_forward/forward_data_reg[5]/G is not reached by a timing clock
Related violations: <none>

TIMING-20#13 Warning
Non-clocked latch  
The latch local_forward/forward_data_reg[6] cannot be properly analyzed as its control pin local_forward/forward_data_reg[6]/G is not reached by a timing clock
Related violations: <none>

TIMING-20#14 Warning
Non-clocked latch  
The latch local_forward/forward_data_reg[7] cannot be properly analyzed as its control pin local_forward/forward_data_reg[7]/G is not reached by a timing clock
Related violations: <none>

TIMING-20#15 Warning
Non-clocked latch  
The latch local_forward/forward_data_reg[8] cannot be properly analyzed as its control pin local_forward/forward_data_reg[8]/G is not reached by a timing clock
Related violations: <none>

TIMING-20#16 Warning
Non-clocked latch  
The latch local_forward/forward_data_reg[9] cannot be properly analyzed as its control pin local_forward/forward_data_reg[9]/G is not reached by a timing clock
Related violations: <none>

TIMING-20#17 Warning
Non-clocked latch  
The latch local_forward/forward_datay_reg[0] cannot be properly analyzed as its control pin local_forward/forward_datay_reg[0]/G is not reached by a timing clock
Related violations: <none>

TIMING-20#18 Warning
Non-clocked latch  
The latch local_forward/forward_datay_reg[10] cannot be properly analyzed as its control pin local_forward/forward_datay_reg[10]/G is not reached by a timing clock
Related violations: <none>

TIMING-20#19 Warning
Non-clocked latch  
The latch local_forward/forward_datay_reg[11] cannot be properly analyzed as its control pin local_forward/forward_datay_reg[11]/G is not reached by a timing clock
Related violations: <none>

TIMING-20#20 Warning
Non-clocked latch  
The latch local_forward/forward_datay_reg[12] cannot be properly analyzed as its control pin local_forward/forward_datay_reg[12]/G is not reached by a timing clock
Related violations: <none>

TIMING-20#21 Warning
Non-clocked latch  
The latch local_forward/forward_datay_reg[13] cannot be properly analyzed as its control pin local_forward/forward_datay_reg[13]/G is not reached by a timing clock
Related violations: <none>

TIMING-20#22 Warning
Non-clocked latch  
The latch local_forward/forward_datay_reg[14] cannot be properly analyzed as its control pin local_forward/forward_datay_reg[14]/G is not reached by a timing clock
Related violations: <none>

TIMING-20#23 Warning
Non-clocked latch  
The latch local_forward/forward_datay_reg[15] cannot be properly analyzed as its control pin local_forward/forward_datay_reg[15]/G is not reached by a timing clock
Related violations: <none>

TIMING-20#24 Warning
Non-clocked latch  
The latch local_forward/forward_datay_reg[1] cannot be properly analyzed as its control pin local_forward/forward_datay_reg[1]/G is not reached by a timing clock
Related violations: <none>

TIMING-20#25 Warning
Non-clocked latch  
The latch local_forward/forward_datay_reg[2] cannot be properly analyzed as its control pin local_forward/forward_datay_reg[2]/G is not reached by a timing clock
Related violations: <none>

TIMING-20#26 Warning
Non-clocked latch  
The latch local_forward/forward_datay_reg[3] cannot be properly analyzed as its control pin local_forward/forward_datay_reg[3]/G is not reached by a timing clock
Related violations: <none>

TIMING-20#27 Warning
Non-clocked latch  
The latch local_forward/forward_datay_reg[4] cannot be properly analyzed as its control pin local_forward/forward_datay_reg[4]/G is not reached by a timing clock
Related violations: <none>

TIMING-20#28 Warning
Non-clocked latch  
The latch local_forward/forward_datay_reg[5] cannot be properly analyzed as its control pin local_forward/forward_datay_reg[5]/G is not reached by a timing clock
Related violations: <none>

TIMING-20#29 Warning
Non-clocked latch  
The latch local_forward/forward_datay_reg[6] cannot be properly analyzed as its control pin local_forward/forward_datay_reg[6]/G is not reached by a timing clock
Related violations: <none>

TIMING-20#30 Warning
Non-clocked latch  
The latch local_forward/forward_datay_reg[7] cannot be properly analyzed as its control pin local_forward/forward_datay_reg[7]/G is not reached by a timing clock
Related violations: <none>

TIMING-20#31 Warning
Non-clocked latch  
The latch local_forward/forward_datay_reg[8] cannot be properly analyzed as its control pin local_forward/forward_datay_reg[8]/G is not reached by a timing clock
Related violations: <none>

TIMING-20#32 Warning
Non-clocked latch  
The latch local_forward/forward_datay_reg[9] cannot be properly analyzed as its control pin local_forward/forward_datay_reg[9]/G is not reached by a timing clock
Related violations: <none>


