Unable to capture context for thread 9444 in process 9084, can not generate back trace
Unable to capture context for thread 1000 in process 9084, can not generate back trace
Unable to capture context for thread 8076 in process 9084, can not generate back trace
Unable to capture context for thread 1300 in process 9084, can not generate back trace
Unable to capture context for thread 10112 in process 9084, can not generate back trace
Unable to capture context for thread 11852 in process 9084, can not generate back trace
Unable to capture context for thread 12028 in process 9084, can not generate back trace
Unable to capture context for thread 8384 in process 9084, can not generate back trace
Exception at PC 0x00007FFA0B5FBB93
Printing stacktrace...

Exception at PC 0x00007FFA63B39D98
Exception at PC 0x00007FFA63B39D98
Exception at PC 0x00007FFA63B39D98
Exception at PC 0x00007FFA63B39D98
Exception at PC 0x00007FFA63B39D98
Unable to capture context for thread 7644 in process 9084, can not generate back trace
Exception at PC 0x00007FFA63B39D98
Exception at PC 0x00007FFA63B39D98
Exception at PC 0x00007FFA63B39D98
Exception at PC 0x00007FFA63B39D98
Exception at PC 0x00007FFA63B39D98
Exception at PC 0x00007FFA63B39D98
Exception at PC 0x00007FFA63B39D98
Exception at PC 0x00007FFA63B39D98
Exception at PC 0x00007FFA63B39D98
Exception at PC 0x00007FFA63B39D98
Exception at PC 0x00007FFA63B39D98
Exception at PC 0x00007FFA63B39D98
Exception at PC 0x00007FFA63B39D98
[0]  [0x00007FFA0B5FBB93]
[1]  [0x00007FFA0B5FBB93]
[2]  [0x00007FFA0B5FB4A1]
[3]  [0x00007FFA0B5FB459]
[4]  [0x00007FFA0B5E19FE]
[5]  [0x00007FFA0B5E0ED1]
[6]  [0x00007FFA0B5E0D76]
[7]  [0x00007FFA0B5879F6]
[8]  [0x00007FFA0B577AFB]
[9]  [0x00007FFA0B69E90A]
[10]  [0x00007FFA0B6B9F87]
[11]  [0x00007FFA0B6BA05F]
[12] (BaseThreadInitThunk+0x14) [0x00007FFA65A02774]
[13] (RtlUserThreadStart+0x21) [0x00007FFA67340D51]
Done
Exception at PC 0x00007FFA0B301A52
Attemped to write at address 0x00007FFA3AF19BA4
Printing stacktrace...

[0]  [0x00007FFA0B301A52]
[1]  [0x00007FFA0B301A52]
[2]  [0x00007FFA0B301AD4]
[3]  [0x00007FFA0B443FF7]
[4]  [0x00007FFA0B329128]
[5]  [0x00007FFA0B5DDFB9]
[6]  [0x00007FFA0B7AEF23]
[7]  [0x00007FFA0B6BB06B]
[8]  [0x00007FFA0B6B08AF]
[9]  [0x00007FFA0B6B0A32]
[10] (RtlDeactivateActivationContextUnsafeFast+0x1af) [0x00007FFA672F485F]
[11] (LdrShutdownProcess+0x12c) [0x00007FFA6731D43C]
[12] (RtlExitUserProcess+0xb4) [0x00007FFA6731D2F4]
[13] (FatalExit+0xa) [0x00007FFA65A0C0DA]
[14] (exit+0x75) [0x00007FFA65CFA045]
[15] (initterm_e+0x21d) [0x00007FFA65CFA68D]
[16]  [0x00000000004014CD]
[17]  [0x000000000040151B]
[18] (BaseThreadInitThunk+0x14) [0x00007FFA65A02774]
[19] (RtlUserThreadStart+0x21) [0x00007FFA67340D51]
Done
